ARM GAS  C:\cygwin64\tmp\ccprsydC.s 			page 1


   1              		.cpu cortex-m4
   2              		.eabi_attribute 27, 1
   3              		.eabi_attribute 28, 1
   4              		.eabi_attribute 20, 1
   5              		.eabi_attribute 21, 1
   6              		.eabi_attribute 23, 3
   7              		.eabi_attribute 24, 1
   8              		.eabi_attribute 25, 1
   9              		.eabi_attribute 26, 1
  10              		.eabi_attribute 30, 1
  11              		.eabi_attribute 34, 1
  12              		.eabi_attribute 18, 4
  13              		.file	"stm32l4xx_hal_msp.c"
  14              		.text
  15              	.Ltext0:
  16              		.cfi_sections	.debug_frame
  17              		.section	.text.HAL_MspInit,"ax",%progbits
  18              		.align	1
  19              		.global	HAL_MspInit
  20              		.arch armv7e-m
  21              		.syntax unified
  22              		.thumb
  23              		.thumb_func
  24              		.fpu fpv4-sp-d16
  26              	HAL_MspInit:
  27              	.LFB318:
  28              		.file 1 "Src/stm32l4xx_hal_msp.c"
   1:Src/stm32l4xx_hal_msp.c **** /* USER CODE BEGIN Header */
   2:Src/stm32l4xx_hal_msp.c **** /**
   3:Src/stm32l4xx_hal_msp.c ****   ******************************************************************************
   4:Src/stm32l4xx_hal_msp.c ****   * File Name          : stm32l4xx_hal_msp.c
   5:Src/stm32l4xx_hal_msp.c ****   * Description        : This file provides code for the MSP Initialization 
   6:Src/stm32l4xx_hal_msp.c ****   *                      and de-Initialization codes.
   7:Src/stm32l4xx_hal_msp.c ****   ******************************************************************************
   8:Src/stm32l4xx_hal_msp.c ****   * @attention
   9:Src/stm32l4xx_hal_msp.c ****   *
  10:Src/stm32l4xx_hal_msp.c ****   * <h2><center>&copy; Copyright (c) 2020 STMicroelectronics.
  11:Src/stm32l4xx_hal_msp.c ****   * All rights reserved.</center></h2>
  12:Src/stm32l4xx_hal_msp.c ****   *
  13:Src/stm32l4xx_hal_msp.c ****   * This software component is licensed by ST under Ultimate Liberty license
  14:Src/stm32l4xx_hal_msp.c ****   * SLA0044, the "License"; You may not use this file except in compliance with
  15:Src/stm32l4xx_hal_msp.c ****   * the License. You may obtain a copy of the License at:
  16:Src/stm32l4xx_hal_msp.c ****   *                             www.st.com/SLA0044
  17:Src/stm32l4xx_hal_msp.c ****   *
  18:Src/stm32l4xx_hal_msp.c ****   ******************************************************************************
  19:Src/stm32l4xx_hal_msp.c ****   */
  20:Src/stm32l4xx_hal_msp.c **** /* USER CODE END Header */
  21:Src/stm32l4xx_hal_msp.c **** 
  22:Src/stm32l4xx_hal_msp.c **** /* Includes ------------------------------------------------------------------*/
  23:Src/stm32l4xx_hal_msp.c **** #include "main.h"
  24:Src/stm32l4xx_hal_msp.c **** /* USER CODE BEGIN Includes */
  25:Src/stm32l4xx_hal_msp.c **** 
  26:Src/stm32l4xx_hal_msp.c **** /* USER CODE END Includes */
  27:Src/stm32l4xx_hal_msp.c **** 
  28:Src/stm32l4xx_hal_msp.c **** /* Private typedef -----------------------------------------------------------*/
  29:Src/stm32l4xx_hal_msp.c **** /* USER CODE BEGIN TD */
  30:Src/stm32l4xx_hal_msp.c **** 
ARM GAS  C:\cygwin64\tmp\ccprsydC.s 			page 2


  31:Src/stm32l4xx_hal_msp.c **** /* USER CODE END TD */
  32:Src/stm32l4xx_hal_msp.c **** 
  33:Src/stm32l4xx_hal_msp.c **** /* Private define ------------------------------------------------------------*/
  34:Src/stm32l4xx_hal_msp.c **** /* USER CODE BEGIN Define */
  35:Src/stm32l4xx_hal_msp.c ****  
  36:Src/stm32l4xx_hal_msp.c **** /* USER CODE END Define */
  37:Src/stm32l4xx_hal_msp.c **** 
  38:Src/stm32l4xx_hal_msp.c **** /* Private macro -------------------------------------------------------------*/
  39:Src/stm32l4xx_hal_msp.c **** /* USER CODE BEGIN Macro */
  40:Src/stm32l4xx_hal_msp.c **** 
  41:Src/stm32l4xx_hal_msp.c **** /* USER CODE END Macro */
  42:Src/stm32l4xx_hal_msp.c **** 
  43:Src/stm32l4xx_hal_msp.c **** /* Private variables ---------------------------------------------------------*/
  44:Src/stm32l4xx_hal_msp.c **** /* USER CODE BEGIN PV */
  45:Src/stm32l4xx_hal_msp.c **** 
  46:Src/stm32l4xx_hal_msp.c **** /* USER CODE END PV */
  47:Src/stm32l4xx_hal_msp.c **** 
  48:Src/stm32l4xx_hal_msp.c **** /* Private function prototypes -----------------------------------------------*/
  49:Src/stm32l4xx_hal_msp.c **** /* USER CODE BEGIN PFP */
  50:Src/stm32l4xx_hal_msp.c **** 
  51:Src/stm32l4xx_hal_msp.c **** /* USER CODE END PFP */
  52:Src/stm32l4xx_hal_msp.c **** 
  53:Src/stm32l4xx_hal_msp.c **** /* External functions --------------------------------------------------------*/
  54:Src/stm32l4xx_hal_msp.c **** /* USER CODE BEGIN ExternalFunctions */
  55:Src/stm32l4xx_hal_msp.c **** 
  56:Src/stm32l4xx_hal_msp.c **** /* USER CODE END ExternalFunctions */
  57:Src/stm32l4xx_hal_msp.c **** 
  58:Src/stm32l4xx_hal_msp.c **** /* USER CODE BEGIN 0 */
  59:Src/stm32l4xx_hal_msp.c **** 
  60:Src/stm32l4xx_hal_msp.c **** /* USER CODE END 0 */
  61:Src/stm32l4xx_hal_msp.c ****                         
  62:Src/stm32l4xx_hal_msp.c **** void HAL_TIM_MspPostInit(TIM_HandleTypeDef *htim);
  63:Src/stm32l4xx_hal_msp.c ****                     /**
  64:Src/stm32l4xx_hal_msp.c ****   * Initializes the Global MSP.
  65:Src/stm32l4xx_hal_msp.c ****   */
  66:Src/stm32l4xx_hal_msp.c **** void HAL_MspInit(void)
  67:Src/stm32l4xx_hal_msp.c **** {
  29              		.loc 1 67 1 view -0
  30              		.cfi_startproc
  31              		@ args = 0, pretend = 0, frame = 8
  32              		@ frame_needed = 0, uses_anonymous_args = 0
  33 0000 00B5     		push	{lr}
  34              	.LCFI0:
  35              		.cfi_def_cfa_offset 4
  36              		.cfi_offset 14, -4
  37 0002 83B0     		sub	sp, sp, #12
  38              	.LCFI1:
  39              		.cfi_def_cfa_offset 16
  68:Src/stm32l4xx_hal_msp.c ****   /* USER CODE BEGIN MspInit 0 */
  69:Src/stm32l4xx_hal_msp.c **** 
  70:Src/stm32l4xx_hal_msp.c ****   /* USER CODE END MspInit 0 */
  71:Src/stm32l4xx_hal_msp.c **** 
  72:Src/stm32l4xx_hal_msp.c **** 	//***** USER CODE STUFF - DISABLED LINES BELOW THAT CAME WITH CUBEMX
  73:Src/stm32l4xx_hal_msp.c ****   __HAL_RCC_SYSCFG_CLK_ENABLE();
  40              		.loc 1 73 3 view .LVU1
  41              	.LBB2:
  42              		.loc 1 73 3 view .LVU2
ARM GAS  C:\cygwin64\tmp\ccprsydC.s 			page 3


  43              		.loc 1 73 3 view .LVU3
  44 0004 094B     		ldr	r3, .L3
  45 0006 1A6E     		ldr	r2, [r3, #96]
  46 0008 42F00102 		orr	r2, r2, #1
  47 000c 1A66     		str	r2, [r3, #96]
  48              		.loc 1 73 3 view .LVU4
  49 000e 1B6E     		ldr	r3, [r3, #96]
  50 0010 03F00103 		and	r3, r3, #1
  51 0014 0193     		str	r3, [sp, #4]
  52              		.loc 1 73 3 view .LVU5
  53 0016 019B     		ldr	r3, [sp, #4]
  54              	.LBE2:
  55              		.loc 1 73 3 view .LVU6
  74:Src/stm32l4xx_hal_msp.c ****   //__HAL_RCC_PWR_CLK_ENABLE();
  75:Src/stm32l4xx_hal_msp.c **** 
  76:Src/stm32l4xx_hal_msp.c ****   /* System interrupt init*/
  77:Src/stm32l4xx_hal_msp.c ****   /* PendSV_IRQn interrupt configuration */
  78:Src/stm32l4xx_hal_msp.c **** 
  79:Src/stm32l4xx_hal_msp.c **** 	//*****
  80:Src/stm32l4xx_hal_msp.c ****   HAL_NVIC_SetPriority(PendSV_IRQn, 15, 0);
  56              		.loc 1 80 3 view .LVU7
  57 0018 0022     		movs	r2, #0
  58 001a 0F21     		movs	r1, #15
  59 001c 6FF00100 		mvn	r0, #1
  60 0020 FFF7FEFF 		bl	HAL_NVIC_SetPriority
  61              	.LVL0:
  81:Src/stm32l4xx_hal_msp.c **** 
  82:Src/stm32l4xx_hal_msp.c ****   /* USER CODE BEGIN MspInit 1 */
  83:Src/stm32l4xx_hal_msp.c **** 
  84:Src/stm32l4xx_hal_msp.c ****   /* USER CODE END MspInit 1 */
  85:Src/stm32l4xx_hal_msp.c **** }
  62              		.loc 1 85 1 is_stmt 0 view .LVU8
  63 0024 03B0     		add	sp, sp, #12
  64              	.LCFI2:
  65              		.cfi_def_cfa_offset 4
  66              		@ sp needed
  67 0026 5DF804FB 		ldr	pc, [sp], #4
  68              	.L4:
  69 002a 00BF     		.align	2
  70              	.L3:
  71 002c 00100240 		.word	1073876992
  72              		.cfi_endproc
  73              	.LFE318:
  75              		.section	.text.HAL_ADC_MspInit,"ax",%progbits
  76              		.align	1
  77              		.global	HAL_ADC_MspInit
  78              		.syntax unified
  79              		.thumb
  80              		.thumb_func
  81              		.fpu fpv4-sp-d16
  83              	HAL_ADC_MspInit:
  84              	.LVL1:
  85              	.LFB319:
  86:Src/stm32l4xx_hal_msp.c **** 
  87:Src/stm32l4xx_hal_msp.c **** //added this line for periphs - other file has rcc_pwr_clk enabled so watch out for that
  88:Src/stm32l4xx_hal_msp.c **** static uint32_t HAL_RCC_ADC_CLK_ENABLED=0;
  89:Src/stm32l4xx_hal_msp.c **** 
ARM GAS  C:\cygwin64\tmp\ccprsydC.s 			page 4


  90:Src/stm32l4xx_hal_msp.c **** /**
  91:Src/stm32l4xx_hal_msp.c **** * @brief ADC MSP Initialization
  92:Src/stm32l4xx_hal_msp.c **** * This function configures the hardware resources used in this example
  93:Src/stm32l4xx_hal_msp.c **** * @param hadc: ADC handle pointer
  94:Src/stm32l4xx_hal_msp.c **** * @retval None
  95:Src/stm32l4xx_hal_msp.c **** */
  96:Src/stm32l4xx_hal_msp.c **** void HAL_ADC_MspInit(ADC_HandleTypeDef* hadc)
  97:Src/stm32l4xx_hal_msp.c **** {
  86              		.loc 1 97 1 is_stmt 1 view -0
  87              		.cfi_startproc
  88              		@ args = 0, pretend = 0, frame = 48
  89              		@ frame_needed = 0, uses_anonymous_args = 0
  90              		.loc 1 97 1 is_stmt 0 view .LVU10
  91 0000 10B5     		push	{r4, lr}
  92              	.LCFI3:
  93              		.cfi_def_cfa_offset 8
  94              		.cfi_offset 4, -8
  95              		.cfi_offset 14, -4
  96 0002 8CB0     		sub	sp, sp, #48
  97              	.LCFI4:
  98              		.cfi_def_cfa_offset 56
  99 0004 0446     		mov	r4, r0
  98:Src/stm32l4xx_hal_msp.c ****   GPIO_InitTypeDef GPIO_InitStruct = {0};
 100              		.loc 1 98 3 is_stmt 1 view .LVU11
 101              		.loc 1 98 20 is_stmt 0 view .LVU12
 102 0006 0023     		movs	r3, #0
 103 0008 0793     		str	r3, [sp, #28]
 104 000a 0893     		str	r3, [sp, #32]
 105 000c 0993     		str	r3, [sp, #36]
 106 000e 0A93     		str	r3, [sp, #40]
 107 0010 0B93     		str	r3, [sp, #44]
  99:Src/stm32l4xx_hal_msp.c ****   if(hadc->Instance==ADC1)
 108              		.loc 1 99 3 is_stmt 1 view .LVU13
 109              		.loc 1 99 10 is_stmt 0 view .LVU14
 110 0012 0268     		ldr	r2, [r0]
 111              		.loc 1 99 5 view .LVU15
 112 0014 3C4B     		ldr	r3, .L17
 113 0016 9A42     		cmp	r2, r3
 114 0018 08D0     		beq	.L12
 115              	.LVL2:
 116              	.L6:
 100:Src/stm32l4xx_hal_msp.c ****   {
 101:Src/stm32l4xx_hal_msp.c ****   /* USER CODE BEGIN ADC1_MspInit 0 */
 102:Src/stm32l4xx_hal_msp.c **** 
 103:Src/stm32l4xx_hal_msp.c ****   /* USER CODE END ADC1_MspInit 0 */
 104:Src/stm32l4xx_hal_msp.c ****     /* Peripheral clock enable */
 105:Src/stm32l4xx_hal_msp.c ****     __HAL_RCC_ADC_CLK_ENABLE();
 106:Src/stm32l4xx_hal_msp.c ****   
 107:Src/stm32l4xx_hal_msp.c ****     __HAL_RCC_GPIOC_CLK_ENABLE();
 108:Src/stm32l4xx_hal_msp.c ****     /**ADC1 GPIO Configuration    
 109:Src/stm32l4xx_hal_msp.c ****     PC0     ------> ADC1_IN1
 110:Src/stm32l4xx_hal_msp.c ****     PC1     ------> ADC1_IN2 
 111:Src/stm32l4xx_hal_msp.c ****     */
 112:Src/stm32l4xx_hal_msp.c ****     GPIO_InitStruct.Pin = GPIO_PIN_0|GPIO_PIN_1;
 113:Src/stm32l4xx_hal_msp.c ****     GPIO_InitStruct.Mode = GPIO_MODE_ANALOG_ADC_CONTROL;
 114:Src/stm32l4xx_hal_msp.c ****     GPIO_InitStruct.Pull = GPIO_NOPULL;
 115:Src/stm32l4xx_hal_msp.c ****     HAL_GPIO_Init(GPIOC, &GPIO_InitStruct);
ARM GAS  C:\cygwin64\tmp\ccprsydC.s 			page 5


 116:Src/stm32l4xx_hal_msp.c **** 
 117:Src/stm32l4xx_hal_msp.c ****   /* USER CODE BEGIN ADC1_MspInit 1 */
 118:Src/stm32l4xx_hal_msp.c **** 
 119:Src/stm32l4xx_hal_msp.c ****   /* USER CODE END ADC1_MspInit 1 */
 120:Src/stm32l4xx_hal_msp.c ****   }
 121:Src/stm32l4xx_hal_msp.c ****   if(hadc->Instance==ADC2)
 117              		.loc 1 121 3 is_stmt 1 view .LVU16
 118              		.loc 1 121 10 is_stmt 0 view .LVU17
 119 001a 2368     		ldr	r3, [r4]
 120              		.loc 1 121 5 view .LVU18
 121 001c 3B4A     		ldr	r2, .L17+4
 122 001e 9342     		cmp	r3, r2
 123 0020 25D0     		beq	.L13
 122:Src/stm32l4xx_hal_msp.c ****     {
 123:Src/stm32l4xx_hal_msp.c ****     /* USER CODE BEGIN ADC2_MspInit 0 */
 124:Src/stm32l4xx_hal_msp.c **** 
 125:Src/stm32l4xx_hal_msp.c ****     /* USER CODE END ADC2_MspInit 0 */
 126:Src/stm32l4xx_hal_msp.c ****       /* Peripheral clock enable */
 127:Src/stm32l4xx_hal_msp.c ****       HAL_RCC_ADC_CLK_ENABLED++;
 128:Src/stm32l4xx_hal_msp.c ****       if(HAL_RCC_ADC_CLK_ENABLED==1){
 129:Src/stm32l4xx_hal_msp.c ****         __HAL_RCC_ADC_CLK_ENABLE();
 130:Src/stm32l4xx_hal_msp.c ****       }
 131:Src/stm32l4xx_hal_msp.c **** 
 132:Src/stm32l4xx_hal_msp.c ****       __HAL_RCC_GPIOC_CLK_ENABLE();
 133:Src/stm32l4xx_hal_msp.c ****       /**ADC2 GPIO Configuration
 134:Src/stm32l4xx_hal_msp.c ****       PC1     ------> ADC2_IN2
 135:Src/stm32l4xx_hal_msp.c ****       */
 136:Src/stm32l4xx_hal_msp.c ****       GPIO_InitStruct.Pin = GPIO_PIN_1;
 137:Src/stm32l4xx_hal_msp.c ****       GPIO_InitStruct.Mode = GPIO_MODE_ANALOG_ADC_CONTROL;
 138:Src/stm32l4xx_hal_msp.c ****       GPIO_InitStruct.Pull = GPIO_NOPULL;
 139:Src/stm32l4xx_hal_msp.c ****       HAL_GPIO_Init(GPIOC, &GPIO_InitStruct);
 140:Src/stm32l4xx_hal_msp.c **** 
 141:Src/stm32l4xx_hal_msp.c ****     /* USER CODE BEGIN ADC2_MspInit 1 */
 142:Src/stm32l4xx_hal_msp.c **** 
 143:Src/stm32l4xx_hal_msp.c ****     /* USER CODE END ADC2_MspInit 1 */
 144:Src/stm32l4xx_hal_msp.c ****     }
 145:Src/stm32l4xx_hal_msp.c ****     else if(hadc->Instance==ADC3)
 124              		.loc 1 145 10 is_stmt 1 view .LVU19
 125              		.loc 1 145 12 is_stmt 0 view .LVU20
 126 0022 3B4A     		ldr	r2, .L17+8
 127 0024 9342     		cmp	r3, r2
 128 0026 48D0     		beq	.L14
 129              	.L5:
 146:Src/stm32l4xx_hal_msp.c ****     {
 147:Src/stm32l4xx_hal_msp.c ****     /* USER CODE BEGIN ADC3_MspInit 0 */
 148:Src/stm32l4xx_hal_msp.c **** 
 149:Src/stm32l4xx_hal_msp.c ****     /* USER CODE END ADC3_MspInit 0 */
 150:Src/stm32l4xx_hal_msp.c ****       /* Peripheral clock enable */
 151:Src/stm32l4xx_hal_msp.c ****       HAL_RCC_ADC_CLK_ENABLED++;
 152:Src/stm32l4xx_hal_msp.c ****       if(HAL_RCC_ADC_CLK_ENABLED==1){
 153:Src/stm32l4xx_hal_msp.c ****         __HAL_RCC_ADC_CLK_ENABLE();
 154:Src/stm32l4xx_hal_msp.c ****       }
 155:Src/stm32l4xx_hal_msp.c **** 
 156:Src/stm32l4xx_hal_msp.c ****       __HAL_RCC_GPIOC_CLK_ENABLE();
 157:Src/stm32l4xx_hal_msp.c ****       /**ADC3 GPIO Configuration
 158:Src/stm32l4xx_hal_msp.c ****       PC2     ------> ADC3_IN3
 159:Src/stm32l4xx_hal_msp.c ****       */
ARM GAS  C:\cygwin64\tmp\ccprsydC.s 			page 6


 160:Src/stm32l4xx_hal_msp.c ****       GPIO_InitStruct.Pin = GPIO_PIN_2;
 161:Src/stm32l4xx_hal_msp.c ****       GPIO_InitStruct.Mode = GPIO_MODE_ANALOG_ADC_CONTROL;
 162:Src/stm32l4xx_hal_msp.c ****       GPIO_InitStruct.Pull = GPIO_NOPULL;
 163:Src/stm32l4xx_hal_msp.c ****       HAL_GPIO_Init(GPIOC, &GPIO_InitStruct);
 164:Src/stm32l4xx_hal_msp.c **** 
 165:Src/stm32l4xx_hal_msp.c ****     /* USER CODE BEGIN ADC3_MspInit 1 */
 166:Src/stm32l4xx_hal_msp.c **** 
 167:Src/stm32l4xx_hal_msp.c ****     /* USER CODE END ADC3_MspInit 1 */
 168:Src/stm32l4xx_hal_msp.c ****     }
 169:Src/stm32l4xx_hal_msp.c **** 
 170:Src/stm32l4xx_hal_msp.c **** }
 130              		.loc 1 170 1 view .LVU21
 131 0028 0CB0     		add	sp, sp, #48
 132              	.LCFI5:
 133              		.cfi_remember_state
 134              		.cfi_def_cfa_offset 8
 135              		@ sp needed
 136 002a 10BD     		pop	{r4, pc}
 137              	.LVL3:
 138              	.L12:
 139              	.LCFI6:
 140              		.cfi_restore_state
 105:Src/stm32l4xx_hal_msp.c ****   
 141              		.loc 1 105 5 is_stmt 1 view .LVU22
 142              	.LBB3:
 105:Src/stm32l4xx_hal_msp.c ****   
 143              		.loc 1 105 5 view .LVU23
 105:Src/stm32l4xx_hal_msp.c ****   
 144              		.loc 1 105 5 view .LVU24
 145 002c 03F17043 		add	r3, r3, #-268435456
 146 0030 A3F5F833 		sub	r3, r3, #126976
 147 0034 DA6C     		ldr	r2, [r3, #76]
 148 0036 42F40052 		orr	r2, r2, #8192
 149 003a DA64     		str	r2, [r3, #76]
 105:Src/stm32l4xx_hal_msp.c ****   
 150              		.loc 1 105 5 view .LVU25
 151 003c DA6C     		ldr	r2, [r3, #76]
 152 003e 02F40052 		and	r2, r2, #8192
 153 0042 0192     		str	r2, [sp, #4]
 105:Src/stm32l4xx_hal_msp.c ****   
 154              		.loc 1 105 5 view .LVU26
 155 0044 019A     		ldr	r2, [sp, #4]
 156              	.LBE3:
 105:Src/stm32l4xx_hal_msp.c ****   
 157              		.loc 1 105 5 view .LVU27
 107:Src/stm32l4xx_hal_msp.c ****     /**ADC1 GPIO Configuration    
 158              		.loc 1 107 5 view .LVU28
 159              	.LBB4:
 107:Src/stm32l4xx_hal_msp.c ****     /**ADC1 GPIO Configuration    
 160              		.loc 1 107 5 view .LVU29
 107:Src/stm32l4xx_hal_msp.c ****     /**ADC1 GPIO Configuration    
 161              		.loc 1 107 5 view .LVU30
 162 0046 DA6C     		ldr	r2, [r3, #76]
 163 0048 42F00402 		orr	r2, r2, #4
 164 004c DA64     		str	r2, [r3, #76]
 107:Src/stm32l4xx_hal_msp.c ****     /**ADC1 GPIO Configuration    
 165              		.loc 1 107 5 view .LVU31
ARM GAS  C:\cygwin64\tmp\ccprsydC.s 			page 7


 166 004e DB6C     		ldr	r3, [r3, #76]
 167 0050 03F00403 		and	r3, r3, #4
 168 0054 0293     		str	r3, [sp, #8]
 107:Src/stm32l4xx_hal_msp.c ****     /**ADC1 GPIO Configuration    
 169              		.loc 1 107 5 view .LVU32
 170 0056 029B     		ldr	r3, [sp, #8]
 171              	.LBE4:
 107:Src/stm32l4xx_hal_msp.c ****     /**ADC1 GPIO Configuration    
 172              		.loc 1 107 5 view .LVU33
 112:Src/stm32l4xx_hal_msp.c ****     GPIO_InitStruct.Mode = GPIO_MODE_ANALOG_ADC_CONTROL;
 173              		.loc 1 112 5 view .LVU34
 112:Src/stm32l4xx_hal_msp.c ****     GPIO_InitStruct.Mode = GPIO_MODE_ANALOG_ADC_CONTROL;
 174              		.loc 1 112 25 is_stmt 0 view .LVU35
 175 0058 0323     		movs	r3, #3
 176 005a 0793     		str	r3, [sp, #28]
 113:Src/stm32l4xx_hal_msp.c ****     GPIO_InitStruct.Pull = GPIO_NOPULL;
 177              		.loc 1 113 5 is_stmt 1 view .LVU36
 113:Src/stm32l4xx_hal_msp.c ****     GPIO_InitStruct.Pull = GPIO_NOPULL;
 178              		.loc 1 113 26 is_stmt 0 view .LVU37
 179 005c 0B23     		movs	r3, #11
 180 005e 0893     		str	r3, [sp, #32]
 114:Src/stm32l4xx_hal_msp.c ****     HAL_GPIO_Init(GPIOC, &GPIO_InitStruct);
 181              		.loc 1 114 5 is_stmt 1 view .LVU38
 114:Src/stm32l4xx_hal_msp.c ****     HAL_GPIO_Init(GPIOC, &GPIO_InitStruct);
 182              		.loc 1 114 26 is_stmt 0 view .LVU39
 183 0060 0023     		movs	r3, #0
 184 0062 0993     		str	r3, [sp, #36]
 115:Src/stm32l4xx_hal_msp.c **** 
 185              		.loc 1 115 5 is_stmt 1 view .LVU40
 186 0064 07A9     		add	r1, sp, #28
 187 0066 2B48     		ldr	r0, .L17+12
 188              	.LVL4:
 115:Src/stm32l4xx_hal_msp.c **** 
 189              		.loc 1 115 5 is_stmt 0 view .LVU41
 190 0068 FFF7FEFF 		bl	HAL_GPIO_Init
 191              	.LVL5:
 192 006c D5E7     		b	.L6
 193              	.L13:
 127:Src/stm32l4xx_hal_msp.c ****       if(HAL_RCC_ADC_CLK_ENABLED==1){
 194              		.loc 1 127 7 is_stmt 1 view .LVU42
 127:Src/stm32l4xx_hal_msp.c ****       if(HAL_RCC_ADC_CLK_ENABLED==1){
 195              		.loc 1 127 30 is_stmt 0 view .LVU43
 196 006e 2A4A     		ldr	r2, .L17+16
 197 0070 1368     		ldr	r3, [r2]
 198 0072 0133     		adds	r3, r3, #1
 199 0074 1360     		str	r3, [r2]
 128:Src/stm32l4xx_hal_msp.c ****         __HAL_RCC_ADC_CLK_ENABLE();
 200              		.loc 1 128 7 is_stmt 1 view .LVU44
 128:Src/stm32l4xx_hal_msp.c ****         __HAL_RCC_ADC_CLK_ENABLE();
 201              		.loc 1 128 9 is_stmt 0 view .LVU45
 202 0076 012B     		cmp	r3, #1
 203 0078 14D0     		beq	.L15
 204              	.L8:
 129:Src/stm32l4xx_hal_msp.c ****       }
 205              		.loc 1 129 9 is_stmt 1 discriminator 1 view .LVU46
 132:Src/stm32l4xx_hal_msp.c ****       /**ADC2 GPIO Configuration
 206              		.loc 1 132 7 discriminator 1 view .LVU47
ARM GAS  C:\cygwin64\tmp\ccprsydC.s 			page 8


 207              	.LBB5:
 132:Src/stm32l4xx_hal_msp.c ****       /**ADC2 GPIO Configuration
 208              		.loc 1 132 7 discriminator 1 view .LVU48
 132:Src/stm32l4xx_hal_msp.c ****       /**ADC2 GPIO Configuration
 209              		.loc 1 132 7 discriminator 1 view .LVU49
 210 007a 284B     		ldr	r3, .L17+20
 211 007c DA6C     		ldr	r2, [r3, #76]
 212 007e 42F00402 		orr	r2, r2, #4
 213 0082 DA64     		str	r2, [r3, #76]
 132:Src/stm32l4xx_hal_msp.c ****       /**ADC2 GPIO Configuration
 214              		.loc 1 132 7 discriminator 1 view .LVU50
 215 0084 DB6C     		ldr	r3, [r3, #76]
 216 0086 03F00403 		and	r3, r3, #4
 217 008a 0493     		str	r3, [sp, #16]
 132:Src/stm32l4xx_hal_msp.c ****       /**ADC2 GPIO Configuration
 218              		.loc 1 132 7 discriminator 1 view .LVU51
 219 008c 049B     		ldr	r3, [sp, #16]
 220              	.LBE5:
 132:Src/stm32l4xx_hal_msp.c ****       /**ADC2 GPIO Configuration
 221              		.loc 1 132 7 discriminator 1 view .LVU52
 136:Src/stm32l4xx_hal_msp.c ****       GPIO_InitStruct.Mode = GPIO_MODE_ANALOG_ADC_CONTROL;
 222              		.loc 1 136 7 discriminator 1 view .LVU53
 136:Src/stm32l4xx_hal_msp.c ****       GPIO_InitStruct.Mode = GPIO_MODE_ANALOG_ADC_CONTROL;
 223              		.loc 1 136 27 is_stmt 0 discriminator 1 view .LVU54
 224 008e 0223     		movs	r3, #2
 225 0090 0793     		str	r3, [sp, #28]
 137:Src/stm32l4xx_hal_msp.c ****       GPIO_InitStruct.Pull = GPIO_NOPULL;
 226              		.loc 1 137 7 is_stmt 1 discriminator 1 view .LVU55
 137:Src/stm32l4xx_hal_msp.c ****       GPIO_InitStruct.Pull = GPIO_NOPULL;
 227              		.loc 1 137 28 is_stmt 0 discriminator 1 view .LVU56
 228 0092 0B23     		movs	r3, #11
 229 0094 0893     		str	r3, [sp, #32]
 138:Src/stm32l4xx_hal_msp.c ****       HAL_GPIO_Init(GPIOC, &GPIO_InitStruct);
 230              		.loc 1 138 7 is_stmt 1 discriminator 1 view .LVU57
 138:Src/stm32l4xx_hal_msp.c ****       HAL_GPIO_Init(GPIOC, &GPIO_InitStruct);
 231              		.loc 1 138 28 is_stmt 0 discriminator 1 view .LVU58
 232 0096 0023     		movs	r3, #0
 233 0098 0993     		str	r3, [sp, #36]
 139:Src/stm32l4xx_hal_msp.c **** 
 234              		.loc 1 139 7 is_stmt 1 discriminator 1 view .LVU59
 235 009a 07A9     		add	r1, sp, #28
 236 009c 1D48     		ldr	r0, .L17+12
 237 009e FFF7FEFF 		bl	HAL_GPIO_Init
 238              	.LVL6:
 239 00a2 C1E7     		b	.L5
 240              	.L15:
 129:Src/stm32l4xx_hal_msp.c ****       }
 241              		.loc 1 129 9 view .LVU60
 242              	.LBB6:
 129:Src/stm32l4xx_hal_msp.c ****       }
 243              		.loc 1 129 9 view .LVU61
 129:Src/stm32l4xx_hal_msp.c ****       }
 244              		.loc 1 129 9 view .LVU62
 245 00a4 1D4B     		ldr	r3, .L17+20
 246 00a6 DA6C     		ldr	r2, [r3, #76]
 247 00a8 42F40052 		orr	r2, r2, #8192
 248 00ac DA64     		str	r2, [r3, #76]
ARM GAS  C:\cygwin64\tmp\ccprsydC.s 			page 9


 129:Src/stm32l4xx_hal_msp.c ****       }
 249              		.loc 1 129 9 view .LVU63
 250 00ae DB6C     		ldr	r3, [r3, #76]
 251 00b0 03F40053 		and	r3, r3, #8192
 252 00b4 0393     		str	r3, [sp, #12]
 129:Src/stm32l4xx_hal_msp.c ****       }
 253              		.loc 1 129 9 view .LVU64
 254 00b6 039B     		ldr	r3, [sp, #12]
 255 00b8 DFE7     		b	.L8
 256              	.L14:
 257              	.LBE6:
 151:Src/stm32l4xx_hal_msp.c ****       if(HAL_RCC_ADC_CLK_ENABLED==1){
 258              		.loc 1 151 7 view .LVU65
 151:Src/stm32l4xx_hal_msp.c ****       if(HAL_RCC_ADC_CLK_ENABLED==1){
 259              		.loc 1 151 30 is_stmt 0 view .LVU66
 260 00ba 174A     		ldr	r2, .L17+16
 261 00bc 1368     		ldr	r3, [r2]
 262 00be 0133     		adds	r3, r3, #1
 263 00c0 1360     		str	r3, [r2]
 152:Src/stm32l4xx_hal_msp.c ****         __HAL_RCC_ADC_CLK_ENABLE();
 264              		.loc 1 152 7 is_stmt 1 view .LVU67
 152:Src/stm32l4xx_hal_msp.c ****         __HAL_RCC_ADC_CLK_ENABLE();
 265              		.loc 1 152 9 is_stmt 0 view .LVU68
 266 00c2 012B     		cmp	r3, #1
 267 00c4 14D0     		beq	.L16
 268              	.L10:
 153:Src/stm32l4xx_hal_msp.c ****       }
 269              		.loc 1 153 9 is_stmt 1 discriminator 1 view .LVU69
 156:Src/stm32l4xx_hal_msp.c ****       /**ADC3 GPIO Configuration
 270              		.loc 1 156 7 discriminator 1 view .LVU70
 271              	.LBB7:
 156:Src/stm32l4xx_hal_msp.c ****       /**ADC3 GPIO Configuration
 272              		.loc 1 156 7 discriminator 1 view .LVU71
 156:Src/stm32l4xx_hal_msp.c ****       /**ADC3 GPIO Configuration
 273              		.loc 1 156 7 discriminator 1 view .LVU72
 274 00c6 154B     		ldr	r3, .L17+20
 275 00c8 DA6C     		ldr	r2, [r3, #76]
 276 00ca 42F00402 		orr	r2, r2, #4
 277 00ce DA64     		str	r2, [r3, #76]
 156:Src/stm32l4xx_hal_msp.c ****       /**ADC3 GPIO Configuration
 278              		.loc 1 156 7 discriminator 1 view .LVU73
 279 00d0 DB6C     		ldr	r3, [r3, #76]
 280 00d2 03F00403 		and	r3, r3, #4
 281 00d6 0693     		str	r3, [sp, #24]
 156:Src/stm32l4xx_hal_msp.c ****       /**ADC3 GPIO Configuration
 282              		.loc 1 156 7 discriminator 1 view .LVU74
 283 00d8 069B     		ldr	r3, [sp, #24]
 284              	.LBE7:
 156:Src/stm32l4xx_hal_msp.c ****       /**ADC3 GPIO Configuration
 285              		.loc 1 156 7 discriminator 1 view .LVU75
 160:Src/stm32l4xx_hal_msp.c ****       GPIO_InitStruct.Mode = GPIO_MODE_ANALOG_ADC_CONTROL;
 286              		.loc 1 160 7 discriminator 1 view .LVU76
 160:Src/stm32l4xx_hal_msp.c ****       GPIO_InitStruct.Mode = GPIO_MODE_ANALOG_ADC_CONTROL;
 287              		.loc 1 160 27 is_stmt 0 discriminator 1 view .LVU77
 288 00da 0423     		movs	r3, #4
 289 00dc 0793     		str	r3, [sp, #28]
 161:Src/stm32l4xx_hal_msp.c ****       GPIO_InitStruct.Pull = GPIO_NOPULL;
ARM GAS  C:\cygwin64\tmp\ccprsydC.s 			page 10


 290              		.loc 1 161 7 is_stmt 1 discriminator 1 view .LVU78
 161:Src/stm32l4xx_hal_msp.c ****       GPIO_InitStruct.Pull = GPIO_NOPULL;
 291              		.loc 1 161 28 is_stmt 0 discriminator 1 view .LVU79
 292 00de 0B23     		movs	r3, #11
 293 00e0 0893     		str	r3, [sp, #32]
 162:Src/stm32l4xx_hal_msp.c ****       HAL_GPIO_Init(GPIOC, &GPIO_InitStruct);
 294              		.loc 1 162 7 is_stmt 1 discriminator 1 view .LVU80
 162:Src/stm32l4xx_hal_msp.c ****       HAL_GPIO_Init(GPIOC, &GPIO_InitStruct);
 295              		.loc 1 162 28 is_stmt 0 discriminator 1 view .LVU81
 296 00e2 0023     		movs	r3, #0
 297 00e4 0993     		str	r3, [sp, #36]
 163:Src/stm32l4xx_hal_msp.c **** 
 298              		.loc 1 163 7 is_stmt 1 discriminator 1 view .LVU82
 299 00e6 07A9     		add	r1, sp, #28
 300 00e8 0A48     		ldr	r0, .L17+12
 301 00ea FFF7FEFF 		bl	HAL_GPIO_Init
 302              	.LVL7:
 303              		.loc 1 170 1 is_stmt 0 discriminator 1 view .LVU83
 304 00ee 9BE7     		b	.L5
 305              	.L16:
 153:Src/stm32l4xx_hal_msp.c ****       }
 306              		.loc 1 153 9 is_stmt 1 view .LVU84
 307              	.LBB8:
 153:Src/stm32l4xx_hal_msp.c ****       }
 308              		.loc 1 153 9 view .LVU85
 153:Src/stm32l4xx_hal_msp.c ****       }
 309              		.loc 1 153 9 view .LVU86
 310 00f0 0A4B     		ldr	r3, .L17+20
 311 00f2 DA6C     		ldr	r2, [r3, #76]
 312 00f4 42F40052 		orr	r2, r2, #8192
 313 00f8 DA64     		str	r2, [r3, #76]
 153:Src/stm32l4xx_hal_msp.c ****       }
 314              		.loc 1 153 9 view .LVU87
 315 00fa DB6C     		ldr	r3, [r3, #76]
 316 00fc 03F40053 		and	r3, r3, #8192
 317 0100 0593     		str	r3, [sp, #20]
 153:Src/stm32l4xx_hal_msp.c ****       }
 318              		.loc 1 153 9 view .LVU88
 319 0102 059B     		ldr	r3, [sp, #20]
 320 0104 DFE7     		b	.L10
 321              	.L18:
 322 0106 00BF     		.align	2
 323              	.L17:
 324 0108 00000450 		.word	1342439424
 325 010c 00010450 		.word	1342439680
 326 0110 00020450 		.word	1342439936
 327 0114 00080048 		.word	1207961600
 328 0118 00000000 		.word	.LANCHOR0
 329 011c 00100240 		.word	1073876992
 330              	.LBE8:
 331              		.cfi_endproc
 332              	.LFE319:
 334              		.section	.text.HAL_ADC_MspDeInit,"ax",%progbits
 335              		.align	1
 336              		.global	HAL_ADC_MspDeInit
 337              		.syntax unified
 338              		.thumb
ARM GAS  C:\cygwin64\tmp\ccprsydC.s 			page 11


 339              		.thumb_func
 340              		.fpu fpv4-sp-d16
 342              	HAL_ADC_MspDeInit:
 343              	.LVL8:
 344              	.LFB320:
 171:Src/stm32l4xx_hal_msp.c **** 
 172:Src/stm32l4xx_hal_msp.c **** /**
 173:Src/stm32l4xx_hal_msp.c **** * @brief ADC MSP De-Initialization
 174:Src/stm32l4xx_hal_msp.c **** * This function freeze the hardware resources used in this example
 175:Src/stm32l4xx_hal_msp.c **** * @param hadc: ADC handle pointer
 176:Src/stm32l4xx_hal_msp.c **** * @retval None
 177:Src/stm32l4xx_hal_msp.c **** */
 178:Src/stm32l4xx_hal_msp.c **** void HAL_ADC_MspDeInit(ADC_HandleTypeDef* hadc)
 179:Src/stm32l4xx_hal_msp.c **** {
 345              		.loc 1 179 1 view -0
 346              		.cfi_startproc
 347              		@ args = 0, pretend = 0, frame = 0
 348              		@ frame_needed = 0, uses_anonymous_args = 0
 349              		.loc 1 179 1 is_stmt 0 view .LVU90
 350 0000 10B5     		push	{r4, lr}
 351              	.LCFI7:
 352              		.cfi_def_cfa_offset 8
 353              		.cfi_offset 4, -8
 354              		.cfi_offset 14, -4
 355 0002 0446     		mov	r4, r0
 180:Src/stm32l4xx_hal_msp.c ****   if(hadc->Instance==ADC1)
 356              		.loc 1 180 3 is_stmt 1 view .LVU91
 357              		.loc 1 180 10 is_stmt 0 view .LVU92
 358 0004 0268     		ldr	r2, [r0]
 359              		.loc 1 180 5 view .LVU93
 360 0006 194B     		ldr	r3, .L29
 361 0008 9A42     		cmp	r2, r3
 362 000a 07D0     		beq	.L26
 363              	.LVL9:
 364              	.L20:
 181:Src/stm32l4xx_hal_msp.c ****   {
 182:Src/stm32l4xx_hal_msp.c ****   /* USER CODE BEGIN ADC1_MspDeInit 0 */
 183:Src/stm32l4xx_hal_msp.c **** 
 184:Src/stm32l4xx_hal_msp.c ****   /* USER CODE END ADC1_MspDeInit 0 */
 185:Src/stm32l4xx_hal_msp.c ****     /* Peripheral clock disable */
 186:Src/stm32l4xx_hal_msp.c ****     __HAL_RCC_ADC_CLK_DISABLE();
 187:Src/stm32l4xx_hal_msp.c ****   
 188:Src/stm32l4xx_hal_msp.c ****     /**ADC1 GPIO Configuration    
 189:Src/stm32l4xx_hal_msp.c ****     PC0     ------> ADC1_IN1
 190:Src/stm32l4xx_hal_msp.c ****     PC1     ------> ADC1_IN2 
 191:Src/stm32l4xx_hal_msp.c ****     */
 192:Src/stm32l4xx_hal_msp.c ****     HAL_GPIO_DeInit(GPIOC, GPIO_PIN_0|GPIO_PIN_1);
 193:Src/stm32l4xx_hal_msp.c **** 
 194:Src/stm32l4xx_hal_msp.c ****   /* USER CODE BEGIN ADC1_MspDeInit 1 */
 195:Src/stm32l4xx_hal_msp.c **** 
 196:Src/stm32l4xx_hal_msp.c ****   /* USER CODE END ADC1_MspDeInit 1 */
 197:Src/stm32l4xx_hal_msp.c ****   }
 198:Src/stm32l4xx_hal_msp.c **** 
 199:Src/stm32l4xx_hal_msp.c ****   if(hadc->Instance==ADC2)
 365              		.loc 1 199 3 is_stmt 1 view .LVU94
 366              		.loc 1 199 10 is_stmt 0 view .LVU95
 367 000c 2368     		ldr	r3, [r4]
ARM GAS  C:\cygwin64\tmp\ccprsydC.s 			page 12


 368              		.loc 1 199 5 view .LVU96
 369 000e 184A     		ldr	r2, .L29+4
 370 0010 9342     		cmp	r3, r2
 371 0012 0DD0     		beq	.L27
 200:Src/stm32l4xx_hal_msp.c ****     {
 201:Src/stm32l4xx_hal_msp.c ****     /* USER CODE BEGIN ADC2_MspDeInit 0 */
 202:Src/stm32l4xx_hal_msp.c **** 
 203:Src/stm32l4xx_hal_msp.c ****     /* USER CODE END ADC2_MspDeInit 0 */
 204:Src/stm32l4xx_hal_msp.c ****       /* Peripheral clock disable */
 205:Src/stm32l4xx_hal_msp.c ****       HAL_RCC_ADC_CLK_ENABLED--;
 206:Src/stm32l4xx_hal_msp.c ****       if(HAL_RCC_ADC_CLK_ENABLED==0){
 207:Src/stm32l4xx_hal_msp.c ****         __HAL_RCC_ADC_CLK_DISABLE();
 208:Src/stm32l4xx_hal_msp.c ****       }
 209:Src/stm32l4xx_hal_msp.c **** 
 210:Src/stm32l4xx_hal_msp.c ****       /**ADC2 GPIO Configuration
 211:Src/stm32l4xx_hal_msp.c ****       PC1     ------> ADC2_IN2
 212:Src/stm32l4xx_hal_msp.c ****       */
 213:Src/stm32l4xx_hal_msp.c ****       HAL_GPIO_DeInit(GPIOC, GPIO_PIN_1);
 214:Src/stm32l4xx_hal_msp.c **** 
 215:Src/stm32l4xx_hal_msp.c ****     /* USER CODE BEGIN ADC2_MspDeInit 1 */
 216:Src/stm32l4xx_hal_msp.c **** 
 217:Src/stm32l4xx_hal_msp.c ****     /* USER CODE END ADC2_MspDeInit 1 */
 218:Src/stm32l4xx_hal_msp.c ****     }
 219:Src/stm32l4xx_hal_msp.c ****     else if(hadc->Instance==ADC3)
 372              		.loc 1 219 10 is_stmt 1 view .LVU97
 373              		.loc 1 219 12 is_stmt 0 view .LVU98
 374 0014 174A     		ldr	r2, .L29+8
 375 0016 9342     		cmp	r3, r2
 376 0018 19D0     		beq	.L28
 377              	.L19:
 220:Src/stm32l4xx_hal_msp.c ****     {
 221:Src/stm32l4xx_hal_msp.c ****     /* USER CODE BEGIN ADC3_MspDeInit 0 */
 222:Src/stm32l4xx_hal_msp.c **** 
 223:Src/stm32l4xx_hal_msp.c ****     /* USER CODE END ADC3_MspDeInit 0 */
 224:Src/stm32l4xx_hal_msp.c ****       /* Peripheral clock disable */
 225:Src/stm32l4xx_hal_msp.c ****       HAL_RCC_ADC_CLK_ENABLED--;
 226:Src/stm32l4xx_hal_msp.c ****       if(HAL_RCC_ADC_CLK_ENABLED==0){
 227:Src/stm32l4xx_hal_msp.c ****         __HAL_RCC_ADC_CLK_DISABLE();
 228:Src/stm32l4xx_hal_msp.c ****       }
 229:Src/stm32l4xx_hal_msp.c **** 
 230:Src/stm32l4xx_hal_msp.c ****       /**ADC3 GPIO Configuration
 231:Src/stm32l4xx_hal_msp.c ****       PC2     ------> ADC3_IN3
 232:Src/stm32l4xx_hal_msp.c ****       */
 233:Src/stm32l4xx_hal_msp.c ****       HAL_GPIO_DeInit(GPIOC, GPIO_PIN_2);
 234:Src/stm32l4xx_hal_msp.c **** 
 235:Src/stm32l4xx_hal_msp.c ****     /* USER CODE BEGIN ADC3_MspDeInit 1 */
 236:Src/stm32l4xx_hal_msp.c **** 
 237:Src/stm32l4xx_hal_msp.c ****     /* USER CODE END ADC3_MspDeInit 1 */
 238:Src/stm32l4xx_hal_msp.c ****     }
 239:Src/stm32l4xx_hal_msp.c **** 
 240:Src/stm32l4xx_hal_msp.c **** }
 378              		.loc 1 240 1 view .LVU99
 379 001a 10BD     		pop	{r4, pc}
 380              	.LVL10:
 381              	.L26:
 186:Src/stm32l4xx_hal_msp.c ****   
 382              		.loc 1 186 5 is_stmt 1 view .LVU100
ARM GAS  C:\cygwin64\tmp\ccprsydC.s 			page 13


 383 001c 164A     		ldr	r2, .L29+12
 384 001e D36C     		ldr	r3, [r2, #76]
 385 0020 23F40053 		bic	r3, r3, #8192
 386 0024 D364     		str	r3, [r2, #76]
 192:Src/stm32l4xx_hal_msp.c **** 
 387              		.loc 1 192 5 view .LVU101
 388 0026 0321     		movs	r1, #3
 389 0028 1448     		ldr	r0, .L29+16
 390              	.LVL11:
 192:Src/stm32l4xx_hal_msp.c **** 
 391              		.loc 1 192 5 is_stmt 0 view .LVU102
 392 002a FFF7FEFF 		bl	HAL_GPIO_DeInit
 393              	.LVL12:
 394 002e EDE7     		b	.L20
 395              	.L27:
 205:Src/stm32l4xx_hal_msp.c ****       if(HAL_RCC_ADC_CLK_ENABLED==0){
 396              		.loc 1 205 7 is_stmt 1 view .LVU103
 205:Src/stm32l4xx_hal_msp.c ****       if(HAL_RCC_ADC_CLK_ENABLED==0){
 397              		.loc 1 205 30 is_stmt 0 view .LVU104
 398 0030 134A     		ldr	r2, .L29+20
 399 0032 1368     		ldr	r3, [r2]
 400 0034 013B     		subs	r3, r3, #1
 401 0036 1360     		str	r3, [r2]
 206:Src/stm32l4xx_hal_msp.c ****         __HAL_RCC_ADC_CLK_DISABLE();
 402              		.loc 1 206 7 is_stmt 1 view .LVU105
 206:Src/stm32l4xx_hal_msp.c ****         __HAL_RCC_ADC_CLK_DISABLE();
 403              		.loc 1 206 9 is_stmt 0 view .LVU106
 404 0038 23B9     		cbnz	r3, .L22
 207:Src/stm32l4xx_hal_msp.c ****       }
 405              		.loc 1 207 9 is_stmt 1 view .LVU107
 406 003a 0F4A     		ldr	r2, .L29+12
 407 003c D36C     		ldr	r3, [r2, #76]
 408 003e 23F40053 		bic	r3, r3, #8192
 409 0042 D364     		str	r3, [r2, #76]
 410              	.L22:
 213:Src/stm32l4xx_hal_msp.c **** 
 411              		.loc 1 213 7 view .LVU108
 412 0044 0221     		movs	r1, #2
 413 0046 0D48     		ldr	r0, .L29+16
 414 0048 FFF7FEFF 		bl	HAL_GPIO_DeInit
 415              	.LVL13:
 416 004c E5E7     		b	.L19
 417              	.L28:
 225:Src/stm32l4xx_hal_msp.c ****       if(HAL_RCC_ADC_CLK_ENABLED==0){
 418              		.loc 1 225 7 view .LVU109
 225:Src/stm32l4xx_hal_msp.c ****       if(HAL_RCC_ADC_CLK_ENABLED==0){
 419              		.loc 1 225 30 is_stmt 0 view .LVU110
 420 004e 0C4A     		ldr	r2, .L29+20
 421 0050 1368     		ldr	r3, [r2]
 422 0052 013B     		subs	r3, r3, #1
 423 0054 1360     		str	r3, [r2]
 226:Src/stm32l4xx_hal_msp.c ****         __HAL_RCC_ADC_CLK_DISABLE();
 424              		.loc 1 226 7 is_stmt 1 view .LVU111
 226:Src/stm32l4xx_hal_msp.c ****         __HAL_RCC_ADC_CLK_DISABLE();
 425              		.loc 1 226 9 is_stmt 0 view .LVU112
 426 0056 23B9     		cbnz	r3, .L24
 227:Src/stm32l4xx_hal_msp.c ****       }
ARM GAS  C:\cygwin64\tmp\ccprsydC.s 			page 14


 427              		.loc 1 227 9 is_stmt 1 view .LVU113
 428 0058 074A     		ldr	r2, .L29+12
 429 005a D36C     		ldr	r3, [r2, #76]
 430 005c 23F40053 		bic	r3, r3, #8192
 431 0060 D364     		str	r3, [r2, #76]
 432              	.L24:
 233:Src/stm32l4xx_hal_msp.c **** 
 433              		.loc 1 233 7 view .LVU114
 434 0062 0421     		movs	r1, #4
 435 0064 0548     		ldr	r0, .L29+16
 436 0066 FFF7FEFF 		bl	HAL_GPIO_DeInit
 437              	.LVL14:
 438              		.loc 1 240 1 is_stmt 0 view .LVU115
 439 006a D6E7     		b	.L19
 440              	.L30:
 441              		.align	2
 442              	.L29:
 443 006c 00000450 		.word	1342439424
 444 0070 00010450 		.word	1342439680
 445 0074 00020450 		.word	1342439936
 446 0078 00100240 		.word	1073876992
 447 007c 00080048 		.word	1207961600
 448 0080 00000000 		.word	.LANCHOR0
 449              		.cfi_endproc
 450              	.LFE320:
 452              		.section	.text.HAL_TIM_Base_MspInit,"ax",%progbits
 453              		.align	1
 454              		.global	HAL_TIM_Base_MspInit
 455              		.syntax unified
 456              		.thumb
 457              		.thumb_func
 458              		.fpu fpv4-sp-d16
 460              	HAL_TIM_Base_MspInit:
 461              	.LVL15:
 462              	.LFB321:
 241:Src/stm32l4xx_hal_msp.c **** 
 242:Src/stm32l4xx_hal_msp.c **** /**
 243:Src/stm32l4xx_hal_msp.c **** * @brief TIM_Base MSP Initialization
 244:Src/stm32l4xx_hal_msp.c **** * This function configures the hardware resources used in this example
 245:Src/stm32l4xx_hal_msp.c **** * @param htim_base: TIM_Base handle pointer
 246:Src/stm32l4xx_hal_msp.c **** * @retval None
 247:Src/stm32l4xx_hal_msp.c **** */
 248:Src/stm32l4xx_hal_msp.c **** void HAL_TIM_Base_MspInit(TIM_HandleTypeDef* htim_base)
 249:Src/stm32l4xx_hal_msp.c **** {
 463              		.loc 1 249 1 is_stmt 1 view -0
 464              		.cfi_startproc
 465              		@ args = 0, pretend = 0, frame = 16
 466              		@ frame_needed = 0, uses_anonymous_args = 0
 467              		@ link register save eliminated.
 468              		.loc 1 249 1 is_stmt 0 view .LVU117
 469 0000 84B0     		sub	sp, sp, #16
 470              	.LCFI8:
 471              		.cfi_def_cfa_offset 16
 250:Src/stm32l4xx_hal_msp.c ****   if(htim_base->Instance==TIM3)
 472              		.loc 1 250 3 is_stmt 1 view .LVU118
 473              		.loc 1 250 15 is_stmt 0 view .LVU119
 474 0002 0368     		ldr	r3, [r0]
ARM GAS  C:\cygwin64\tmp\ccprsydC.s 			page 15


 475              		.loc 1 250 5 view .LVU120
 476 0004 164A     		ldr	r2, .L39
 477 0006 9342     		cmp	r3, r2
 478 0008 08D0     		beq	.L36
 251:Src/stm32l4xx_hal_msp.c ****   {
 252:Src/stm32l4xx_hal_msp.c ****   /* USER CODE BEGIN TIM3_MspInit 0 */
 253:Src/stm32l4xx_hal_msp.c **** 
 254:Src/stm32l4xx_hal_msp.c ****   /* USER CODE END TIM3_MspInit 0 */
 255:Src/stm32l4xx_hal_msp.c ****     /* Peripheral clock enable */
 256:Src/stm32l4xx_hal_msp.c ****     __HAL_RCC_TIM3_CLK_ENABLE();
 257:Src/stm32l4xx_hal_msp.c ****   /* USER CODE BEGIN TIM3_MspInit 1 */
 258:Src/stm32l4xx_hal_msp.c **** 
 259:Src/stm32l4xx_hal_msp.c ****   /* USER CODE END TIM3_MspInit 1 */
 260:Src/stm32l4xx_hal_msp.c ****   }
 261:Src/stm32l4xx_hal_msp.c ****   else if(htim_base->Instance==TIM15)
 479              		.loc 1 261 8 is_stmt 1 view .LVU121
 480              		.loc 1 261 10 is_stmt 0 view .LVU122
 481 000a 164A     		ldr	r2, .L39+4
 482 000c 9342     		cmp	r3, r2
 483 000e 10D0     		beq	.L37
 484              	.L33:
 262:Src/stm32l4xx_hal_msp.c ****   {
 263:Src/stm32l4xx_hal_msp.c ****   /* USER CODE BEGIN TIM15_MspInit 0 */
 264:Src/stm32l4xx_hal_msp.c **** 
 265:Src/stm32l4xx_hal_msp.c ****   /* USER CODE END TIM15_MspInit 0 */
 266:Src/stm32l4xx_hal_msp.c ****     /* Peripheral clock enable */
 267:Src/stm32l4xx_hal_msp.c ****     __HAL_RCC_TIM15_CLK_ENABLE();
 485              		.loc 1 267 5 is_stmt 1 discriminator 1 view .LVU123
 268:Src/stm32l4xx_hal_msp.c ****   /* USER CODE BEGIN TIM15_MspInit 1 */
 269:Src/stm32l4xx_hal_msp.c **** 
 270:Src/stm32l4xx_hal_msp.c ****   /* USER CODE END TIM15_MspInit 1 */
 271:Src/stm32l4xx_hal_msp.c ****   }
 272:Src/stm32l4xx_hal_msp.c ****   if(htim_base->Instance==TIM16)
 486              		.loc 1 272 3 discriminator 1 view .LVU124
 487              		.loc 1 272 15 is_stmt 0 discriminator 1 view .LVU125
 488 0010 0268     		ldr	r2, [r0]
 489              		.loc 1 272 5 discriminator 1 view .LVU126
 490 0012 154B     		ldr	r3, .L39+8
 491 0014 9A42     		cmp	r2, r3
 492 0016 17D0     		beq	.L38
 493              	.L31:
 273:Src/stm32l4xx_hal_msp.c ****   {
 274:Src/stm32l4xx_hal_msp.c ****   /* USER CODE BEGIN TIM16_MspInit 0 */
 275:Src/stm32l4xx_hal_msp.c **** 
 276:Src/stm32l4xx_hal_msp.c ****   /* USER CODE END TIM16_MspInit 0 */
 277:Src/stm32l4xx_hal_msp.c ****     /* Peripheral clock enable */
 278:Src/stm32l4xx_hal_msp.c ****     __HAL_RCC_TIM16_CLK_ENABLE();
 279:Src/stm32l4xx_hal_msp.c ****   /* USER CODE BEGIN TIM16_MspInit 1 */
 280:Src/stm32l4xx_hal_msp.c **** 
 281:Src/stm32l4xx_hal_msp.c ****   /* USER CODE END TIM16_MspInit 1 */
 282:Src/stm32l4xx_hal_msp.c ****   }
 283:Src/stm32l4xx_hal_msp.c **** 
 284:Src/stm32l4xx_hal_msp.c **** }
 494              		.loc 1 284 1 view .LVU127
 495 0018 04B0     		add	sp, sp, #16
 496              	.LCFI9:
 497              		.cfi_remember_state
ARM GAS  C:\cygwin64\tmp\ccprsydC.s 			page 16


 498              		.cfi_def_cfa_offset 0
 499              		@ sp needed
 500 001a 7047     		bx	lr
 501              	.L36:
 502              	.LCFI10:
 503              		.cfi_restore_state
 256:Src/stm32l4xx_hal_msp.c ****   /* USER CODE BEGIN TIM3_MspInit 1 */
 504              		.loc 1 256 5 is_stmt 1 view .LVU128
 505              	.LBB9:
 256:Src/stm32l4xx_hal_msp.c ****   /* USER CODE BEGIN TIM3_MspInit 1 */
 506              		.loc 1 256 5 view .LVU129
 256:Src/stm32l4xx_hal_msp.c ****   /* USER CODE BEGIN TIM3_MspInit 1 */
 507              		.loc 1 256 5 view .LVU130
 508 001c 134B     		ldr	r3, .L39+12
 509 001e 9A6D     		ldr	r2, [r3, #88]
 510 0020 42F00202 		orr	r2, r2, #2
 511 0024 9A65     		str	r2, [r3, #88]
 256:Src/stm32l4xx_hal_msp.c ****   /* USER CODE BEGIN TIM3_MspInit 1 */
 512              		.loc 1 256 5 view .LVU131
 513 0026 9B6D     		ldr	r3, [r3, #88]
 514 0028 03F00203 		and	r3, r3, #2
 515 002c 0193     		str	r3, [sp, #4]
 256:Src/stm32l4xx_hal_msp.c ****   /* USER CODE BEGIN TIM3_MspInit 1 */
 516              		.loc 1 256 5 view .LVU132
 517 002e 019B     		ldr	r3, [sp, #4]
 518              	.LBE9:
 256:Src/stm32l4xx_hal_msp.c ****   /* USER CODE BEGIN TIM3_MspInit 1 */
 519              		.loc 1 256 5 view .LVU133
 520 0030 EEE7     		b	.L33
 521              	.L37:
 267:Src/stm32l4xx_hal_msp.c ****   /* USER CODE BEGIN TIM15_MspInit 1 */
 522              		.loc 1 267 5 view .LVU134
 523              	.LBB10:
 267:Src/stm32l4xx_hal_msp.c ****   /* USER CODE BEGIN TIM15_MspInit 1 */
 524              		.loc 1 267 5 view .LVU135
 267:Src/stm32l4xx_hal_msp.c ****   /* USER CODE BEGIN TIM15_MspInit 1 */
 525              		.loc 1 267 5 view .LVU136
 526 0032 0E4B     		ldr	r3, .L39+12
 527 0034 1A6E     		ldr	r2, [r3, #96]
 528 0036 42F48032 		orr	r2, r2, #65536
 529 003a 1A66     		str	r2, [r3, #96]
 267:Src/stm32l4xx_hal_msp.c ****   /* USER CODE BEGIN TIM15_MspInit 1 */
 530              		.loc 1 267 5 view .LVU137
 531 003c 1B6E     		ldr	r3, [r3, #96]
 532 003e 03F48033 		and	r3, r3, #65536
 533 0042 0293     		str	r3, [sp, #8]
 267:Src/stm32l4xx_hal_msp.c ****   /* USER CODE BEGIN TIM15_MspInit 1 */
 534              		.loc 1 267 5 view .LVU138
 535 0044 029B     		ldr	r3, [sp, #8]
 536 0046 E3E7     		b	.L33
 537              	.L38:
 267:Src/stm32l4xx_hal_msp.c ****   /* USER CODE BEGIN TIM15_MspInit 1 */
 538              		.loc 1 267 5 is_stmt 0 view .LVU139
 539              	.LBE10:
 278:Src/stm32l4xx_hal_msp.c ****   /* USER CODE BEGIN TIM16_MspInit 1 */
 540              		.loc 1 278 5 is_stmt 1 view .LVU140
 541              	.LBB11:
ARM GAS  C:\cygwin64\tmp\ccprsydC.s 			page 17


 278:Src/stm32l4xx_hal_msp.c ****   /* USER CODE BEGIN TIM16_MspInit 1 */
 542              		.loc 1 278 5 view .LVU141
 278:Src/stm32l4xx_hal_msp.c ****   /* USER CODE BEGIN TIM16_MspInit 1 */
 543              		.loc 1 278 5 view .LVU142
 544 0048 03F54C43 		add	r3, r3, #52224
 545 004c 1A6E     		ldr	r2, [r3, #96]
 546 004e 42F40032 		orr	r2, r2, #131072
 547 0052 1A66     		str	r2, [r3, #96]
 278:Src/stm32l4xx_hal_msp.c ****   /* USER CODE BEGIN TIM16_MspInit 1 */
 548              		.loc 1 278 5 view .LVU143
 549 0054 1B6E     		ldr	r3, [r3, #96]
 550 0056 03F40033 		and	r3, r3, #131072
 551 005a 0393     		str	r3, [sp, #12]
 278:Src/stm32l4xx_hal_msp.c ****   /* USER CODE BEGIN TIM16_MspInit 1 */
 552              		.loc 1 278 5 view .LVU144
 553 005c 039B     		ldr	r3, [sp, #12]
 554              	.LBE11:
 278:Src/stm32l4xx_hal_msp.c ****   /* USER CODE BEGIN TIM16_MspInit 1 */
 555              		.loc 1 278 5 view .LVU145
 556              		.loc 1 284 1 is_stmt 0 view .LVU146
 557 005e DBE7     		b	.L31
 558              	.L40:
 559              		.align	2
 560              	.L39:
 561 0060 00040040 		.word	1073742848
 562 0064 00400140 		.word	1073823744
 563 0068 00440140 		.word	1073824768
 564 006c 00100240 		.word	1073876992
 565              		.cfi_endproc
 566              	.LFE321:
 568              		.section	.text.HAL_TIM_MspPostInit,"ax",%progbits
 569              		.align	1
 570              		.global	HAL_TIM_MspPostInit
 571              		.syntax unified
 572              		.thumb
 573              		.thumb_func
 574              		.fpu fpv4-sp-d16
 576              	HAL_TIM_MspPostInit:
 577              	.LVL16:
 578              	.LFB322:
 285:Src/stm32l4xx_hal_msp.c **** 
 286:Src/stm32l4xx_hal_msp.c **** void HAL_TIM_MspPostInit(TIM_HandleTypeDef* htim)
 287:Src/stm32l4xx_hal_msp.c **** {
 579              		.loc 1 287 1 is_stmt 1 view -0
 580              		.cfi_startproc
 581              		@ args = 0, pretend = 0, frame = 32
 582              		@ frame_needed = 0, uses_anonymous_args = 0
 583              		.loc 1 287 1 is_stmt 0 view .LVU148
 584 0000 10B5     		push	{r4, lr}
 585              	.LCFI11:
 586              		.cfi_def_cfa_offset 8
 587              		.cfi_offset 4, -8
 588              		.cfi_offset 14, -4
 589 0002 88B0     		sub	sp, sp, #32
 590              	.LCFI12:
 591              		.cfi_def_cfa_offset 40
 592 0004 0446     		mov	r4, r0
ARM GAS  C:\cygwin64\tmp\ccprsydC.s 			page 18


 288:Src/stm32l4xx_hal_msp.c ****   GPIO_InitTypeDef GPIO_InitStruct = {0};
 593              		.loc 1 288 3 is_stmt 1 view .LVU149
 594              		.loc 1 288 20 is_stmt 0 view .LVU150
 595 0006 0023     		movs	r3, #0
 596 0008 0393     		str	r3, [sp, #12]
 597 000a 0493     		str	r3, [sp, #16]
 598 000c 0593     		str	r3, [sp, #20]
 599 000e 0693     		str	r3, [sp, #24]
 600 0010 0793     		str	r3, [sp, #28]
 289:Src/stm32l4xx_hal_msp.c ****   if(htim->Instance==TIM15)
 601              		.loc 1 289 3 is_stmt 1 view .LVU151
 602              		.loc 1 289 10 is_stmt 0 view .LVU152
 603 0012 0268     		ldr	r2, [r0]
 604              		.loc 1 289 5 view .LVU153
 605 0014 2B4B     		ldr	r3, .L49
 606 0016 9A42     		cmp	r2, r3
 607 0018 08D0     		beq	.L46
 608              	.LVL17:
 609              	.L42:
 290:Src/stm32l4xx_hal_msp.c ****   {
 291:Src/stm32l4xx_hal_msp.c ****   /* USER CODE BEGIN TIM15_MspPostInit 0 */
 292:Src/stm32l4xx_hal_msp.c **** 
 293:Src/stm32l4xx_hal_msp.c ****   /* USER CODE END TIM15_MspPostInit 0 */
 294:Src/stm32l4xx_hal_msp.c ****   
 295:Src/stm32l4xx_hal_msp.c ****     __HAL_RCC_GPIOA_CLK_ENABLE();
 296:Src/stm32l4xx_hal_msp.c ****     /**TIM15 GPIO Configuration    
 297:Src/stm32l4xx_hal_msp.c ****     PA2     ------> TIM15_CH1 
 298:Src/stm32l4xx_hal_msp.c ****     */
 299:Src/stm32l4xx_hal_msp.c ****     GPIO_InitStruct.Pin = GPIO_PIN_2;
 300:Src/stm32l4xx_hal_msp.c ****     GPIO_InitStruct.Mode = GPIO_MODE_AF_PP;
 301:Src/stm32l4xx_hal_msp.c ****     GPIO_InitStruct.Pull = GPIO_NOPULL;
 302:Src/stm32l4xx_hal_msp.c ****     GPIO_InitStruct.Speed = GPIO_SPEED_FREQ_LOW;
 303:Src/stm32l4xx_hal_msp.c ****     GPIO_InitStruct.Alternate = GPIO_AF14_TIM15;
 304:Src/stm32l4xx_hal_msp.c ****     HAL_GPIO_Init(GPIOA, &GPIO_InitStruct);
 305:Src/stm32l4xx_hal_msp.c **** 
 306:Src/stm32l4xx_hal_msp.c ****   /* USER CODE BEGIN TIM15_MspPostInit 1 */
 307:Src/stm32l4xx_hal_msp.c **** 
 308:Src/stm32l4xx_hal_msp.c ****   /* USER CODE END TIM15_MspPostInit 1 */
 309:Src/stm32l4xx_hal_msp.c ****   }
 310:Src/stm32l4xx_hal_msp.c **** 
 311:Src/stm32l4xx_hal_msp.c ****   //added, with extra periphs - like all other code with TIM4, TIM16, ADC2, ADC3
 312:Src/stm32l4xx_hal_msp.c **** 
 313:Src/stm32l4xx_hal_msp.c ****   if(htim->Instance==TIM4)
 610              		.loc 1 313 3 is_stmt 1 view .LVU154
 611              		.loc 1 313 10 is_stmt 0 view .LVU155
 612 001a 2368     		ldr	r3, [r4]
 613              		.loc 1 313 5 view .LVU156
 614 001c 2A4A     		ldr	r2, .L49+4
 615 001e 9342     		cmp	r3, r2
 616 0020 1ED0     		beq	.L47
 314:Src/stm32l4xx_hal_msp.c ****     {
 315:Src/stm32l4xx_hal_msp.c ****     /* USER CODE BEGIN TIM4_MspPostInit 0 */
 316:Src/stm32l4xx_hal_msp.c **** 
 317:Src/stm32l4xx_hal_msp.c ****     /* USER CODE END TIM4_MspPostInit 0 */
 318:Src/stm32l4xx_hal_msp.c ****       __HAL_RCC_GPIOD_CLK_ENABLE();
 319:Src/stm32l4xx_hal_msp.c ****       /**TIM4 GPIO Configuration
 320:Src/stm32l4xx_hal_msp.c ****       PD14     ------> TIM4_CH3
ARM GAS  C:\cygwin64\tmp\ccprsydC.s 			page 19


 321:Src/stm32l4xx_hal_msp.c ****       */
 322:Src/stm32l4xx_hal_msp.c ****       GPIO_InitStruct.Pin = GPIO_PIN_14;
 323:Src/stm32l4xx_hal_msp.c ****       GPIO_InitStruct.Mode = GPIO_MODE_AF_PP;
 324:Src/stm32l4xx_hal_msp.c ****       GPIO_InitStruct.Pull = GPIO_NOPULL;
 325:Src/stm32l4xx_hal_msp.c ****       GPIO_InitStruct.Speed = GPIO_SPEED_FREQ_LOW;
 326:Src/stm32l4xx_hal_msp.c ****       GPIO_InitStruct.Alternate = GPIO_AF2_TIM4;
 327:Src/stm32l4xx_hal_msp.c ****       HAL_GPIO_Init(GPIOD, &GPIO_InitStruct);
 328:Src/stm32l4xx_hal_msp.c **** 
 329:Src/stm32l4xx_hal_msp.c ****     /* USER CODE BEGIN TIM4_MspPostInit 1 */
 330:Src/stm32l4xx_hal_msp.c **** 
 331:Src/stm32l4xx_hal_msp.c ****     /* USER CODE END TIM4_MspPostInit 1 */
 332:Src/stm32l4xx_hal_msp.c ****     }
 333:Src/stm32l4xx_hal_msp.c ****     else if(htim->Instance==TIM16)
 617              		.loc 1 333 10 is_stmt 1 view .LVU157
 618              		.loc 1 333 12 is_stmt 0 view .LVU158
 619 0022 2A4A     		ldr	r2, .L49+8
 620 0024 9342     		cmp	r3, r2
 621 0026 33D0     		beq	.L48
 622              	.L41:
 334:Src/stm32l4xx_hal_msp.c ****     {
 335:Src/stm32l4xx_hal_msp.c ****     /* USER CODE BEGIN TIM16_MspPostInit 0 */
 336:Src/stm32l4xx_hal_msp.c **** 
 337:Src/stm32l4xx_hal_msp.c ****     /* USER CODE END TIM16_MspPostInit 0 */
 338:Src/stm32l4xx_hal_msp.c **** 
 339:Src/stm32l4xx_hal_msp.c ****       __HAL_RCC_GPIOA_CLK_ENABLE();
 340:Src/stm32l4xx_hal_msp.c ****       /**TIM16 GPIO Configuration
 341:Src/stm32l4xx_hal_msp.c ****       PA6     ------> TIM16_CH1
 342:Src/stm32l4xx_hal_msp.c ****       */
 343:Src/stm32l4xx_hal_msp.c ****       GPIO_InitStruct.Pin = GPIO_PIN_6;
 344:Src/stm32l4xx_hal_msp.c ****       GPIO_InitStruct.Mode = GPIO_MODE_AF_PP;
 345:Src/stm32l4xx_hal_msp.c ****       GPIO_InitStruct.Pull = GPIO_NOPULL;
 346:Src/stm32l4xx_hal_msp.c ****       GPIO_InitStruct.Speed = GPIO_SPEED_FREQ_LOW;
 347:Src/stm32l4xx_hal_msp.c ****       GPIO_InitStruct.Alternate = GPIO_AF14_TIM16;
 348:Src/stm32l4xx_hal_msp.c ****       HAL_GPIO_Init(GPIOA, &GPIO_InitStruct);
 349:Src/stm32l4xx_hal_msp.c **** 
 350:Src/stm32l4xx_hal_msp.c ****     /* USER CODE BEGIN TIM16_MspPostInit 1 */
 351:Src/stm32l4xx_hal_msp.c **** 
 352:Src/stm32l4xx_hal_msp.c ****     /* USER CODE END TIM16_MspPostInit 1 */
 353:Src/stm32l4xx_hal_msp.c ****     }
 354:Src/stm32l4xx_hal_msp.c **** 
 355:Src/stm32l4xx_hal_msp.c **** 
 356:Src/stm32l4xx_hal_msp.c **** 
 357:Src/stm32l4xx_hal_msp.c **** }
 623              		.loc 1 357 1 view .LVU159
 624 0028 08B0     		add	sp, sp, #32
 625              	.LCFI13:
 626              		.cfi_remember_state
 627              		.cfi_def_cfa_offset 8
 628              		@ sp needed
 629 002a 10BD     		pop	{r4, pc}
 630              	.LVL18:
 631              	.L46:
 632              	.LCFI14:
 633              		.cfi_restore_state
 295:Src/stm32l4xx_hal_msp.c ****     /**TIM15 GPIO Configuration    
 634              		.loc 1 295 5 is_stmt 1 view .LVU160
 635              	.LBB12:
ARM GAS  C:\cygwin64\tmp\ccprsydC.s 			page 20


 295:Src/stm32l4xx_hal_msp.c ****     /**TIM15 GPIO Configuration    
 636              		.loc 1 295 5 view .LVU161
 295:Src/stm32l4xx_hal_msp.c ****     /**TIM15 GPIO Configuration    
 637              		.loc 1 295 5 view .LVU162
 638 002c 03F55043 		add	r3, r3, #53248
 639 0030 DA6C     		ldr	r2, [r3, #76]
 640 0032 42F00102 		orr	r2, r2, #1
 641 0036 DA64     		str	r2, [r3, #76]
 295:Src/stm32l4xx_hal_msp.c ****     /**TIM15 GPIO Configuration    
 642              		.loc 1 295 5 view .LVU163
 643 0038 DB6C     		ldr	r3, [r3, #76]
 644 003a 03F00103 		and	r3, r3, #1
 645 003e 0093     		str	r3, [sp]
 295:Src/stm32l4xx_hal_msp.c ****     /**TIM15 GPIO Configuration    
 646              		.loc 1 295 5 view .LVU164
 647 0040 009B     		ldr	r3, [sp]
 648              	.LBE12:
 295:Src/stm32l4xx_hal_msp.c ****     /**TIM15 GPIO Configuration    
 649              		.loc 1 295 5 view .LVU165
 299:Src/stm32l4xx_hal_msp.c ****     GPIO_InitStruct.Mode = GPIO_MODE_AF_PP;
 650              		.loc 1 299 5 view .LVU166
 299:Src/stm32l4xx_hal_msp.c ****     GPIO_InitStruct.Mode = GPIO_MODE_AF_PP;
 651              		.loc 1 299 25 is_stmt 0 view .LVU167
 652 0042 0423     		movs	r3, #4
 653 0044 0393     		str	r3, [sp, #12]
 300:Src/stm32l4xx_hal_msp.c ****     GPIO_InitStruct.Pull = GPIO_NOPULL;
 654              		.loc 1 300 5 is_stmt 1 view .LVU168
 300:Src/stm32l4xx_hal_msp.c ****     GPIO_InitStruct.Pull = GPIO_NOPULL;
 655              		.loc 1 300 26 is_stmt 0 view .LVU169
 656 0046 0223     		movs	r3, #2
 657 0048 0493     		str	r3, [sp, #16]
 301:Src/stm32l4xx_hal_msp.c ****     GPIO_InitStruct.Speed = GPIO_SPEED_FREQ_LOW;
 658              		.loc 1 301 5 is_stmt 1 view .LVU170
 301:Src/stm32l4xx_hal_msp.c ****     GPIO_InitStruct.Speed = GPIO_SPEED_FREQ_LOW;
 659              		.loc 1 301 26 is_stmt 0 view .LVU171
 660 004a 0023     		movs	r3, #0
 661 004c 0593     		str	r3, [sp, #20]
 302:Src/stm32l4xx_hal_msp.c ****     GPIO_InitStruct.Alternate = GPIO_AF14_TIM15;
 662              		.loc 1 302 5 is_stmt 1 view .LVU172
 302:Src/stm32l4xx_hal_msp.c ****     GPIO_InitStruct.Alternate = GPIO_AF14_TIM15;
 663              		.loc 1 302 27 is_stmt 0 view .LVU173
 664 004e 0693     		str	r3, [sp, #24]
 303:Src/stm32l4xx_hal_msp.c ****     HAL_GPIO_Init(GPIOA, &GPIO_InitStruct);
 665              		.loc 1 303 5 is_stmt 1 view .LVU174
 303:Src/stm32l4xx_hal_msp.c ****     HAL_GPIO_Init(GPIOA, &GPIO_InitStruct);
 666              		.loc 1 303 31 is_stmt 0 view .LVU175
 667 0050 0E23     		movs	r3, #14
 668 0052 0793     		str	r3, [sp, #28]
 304:Src/stm32l4xx_hal_msp.c **** 
 669              		.loc 1 304 5 is_stmt 1 view .LVU176
 670 0054 03A9     		add	r1, sp, #12
 671 0056 4FF09040 		mov	r0, #1207959552
 672              	.LVL19:
 304:Src/stm32l4xx_hal_msp.c **** 
 673              		.loc 1 304 5 is_stmt 0 view .LVU177
 674 005a FFF7FEFF 		bl	HAL_GPIO_Init
 675              	.LVL20:
ARM GAS  C:\cygwin64\tmp\ccprsydC.s 			page 21


 676 005e DCE7     		b	.L42
 677              	.L47:
 318:Src/stm32l4xx_hal_msp.c ****       /**TIM4 GPIO Configuration
 678              		.loc 1 318 7 is_stmt 1 view .LVU178
 679              	.LBB13:
 318:Src/stm32l4xx_hal_msp.c ****       /**TIM4 GPIO Configuration
 680              		.loc 1 318 7 view .LVU179
 318:Src/stm32l4xx_hal_msp.c ****       /**TIM4 GPIO Configuration
 681              		.loc 1 318 7 view .LVU180
 682 0060 1B4B     		ldr	r3, .L49+12
 683 0062 DA6C     		ldr	r2, [r3, #76]
 684 0064 42F00802 		orr	r2, r2, #8
 685 0068 DA64     		str	r2, [r3, #76]
 318:Src/stm32l4xx_hal_msp.c ****       /**TIM4 GPIO Configuration
 686              		.loc 1 318 7 view .LVU181
 687 006a DB6C     		ldr	r3, [r3, #76]
 688 006c 03F00803 		and	r3, r3, #8
 689 0070 0193     		str	r3, [sp, #4]
 318:Src/stm32l4xx_hal_msp.c ****       /**TIM4 GPIO Configuration
 690              		.loc 1 318 7 view .LVU182
 691 0072 019B     		ldr	r3, [sp, #4]
 692              	.LBE13:
 318:Src/stm32l4xx_hal_msp.c ****       /**TIM4 GPIO Configuration
 693              		.loc 1 318 7 view .LVU183
 322:Src/stm32l4xx_hal_msp.c ****       GPIO_InitStruct.Mode = GPIO_MODE_AF_PP;
 694              		.loc 1 322 7 view .LVU184
 322:Src/stm32l4xx_hal_msp.c ****       GPIO_InitStruct.Mode = GPIO_MODE_AF_PP;
 695              		.loc 1 322 27 is_stmt 0 view .LVU185
 696 0074 4FF48043 		mov	r3, #16384
 697 0078 0393     		str	r3, [sp, #12]
 323:Src/stm32l4xx_hal_msp.c ****       GPIO_InitStruct.Pull = GPIO_NOPULL;
 698              		.loc 1 323 7 is_stmt 1 view .LVU186
 323:Src/stm32l4xx_hal_msp.c ****       GPIO_InitStruct.Pull = GPIO_NOPULL;
 699              		.loc 1 323 28 is_stmt 0 view .LVU187
 700 007a 0223     		movs	r3, #2
 701 007c 0493     		str	r3, [sp, #16]
 324:Src/stm32l4xx_hal_msp.c ****       GPIO_InitStruct.Speed = GPIO_SPEED_FREQ_LOW;
 702              		.loc 1 324 7 is_stmt 1 view .LVU188
 324:Src/stm32l4xx_hal_msp.c ****       GPIO_InitStruct.Speed = GPIO_SPEED_FREQ_LOW;
 703              		.loc 1 324 28 is_stmt 0 view .LVU189
 704 007e 0022     		movs	r2, #0
 705 0080 0592     		str	r2, [sp, #20]
 325:Src/stm32l4xx_hal_msp.c ****       GPIO_InitStruct.Alternate = GPIO_AF2_TIM4;
 706              		.loc 1 325 7 is_stmt 1 view .LVU190
 325:Src/stm32l4xx_hal_msp.c ****       GPIO_InitStruct.Alternate = GPIO_AF2_TIM4;
 707              		.loc 1 325 29 is_stmt 0 view .LVU191
 708 0082 0692     		str	r2, [sp, #24]
 326:Src/stm32l4xx_hal_msp.c ****       HAL_GPIO_Init(GPIOD, &GPIO_InitStruct);
 709              		.loc 1 326 7 is_stmt 1 view .LVU192
 326:Src/stm32l4xx_hal_msp.c ****       HAL_GPIO_Init(GPIOD, &GPIO_InitStruct);
 710              		.loc 1 326 33 is_stmt 0 view .LVU193
 711 0084 0793     		str	r3, [sp, #28]
 327:Src/stm32l4xx_hal_msp.c **** 
 712              		.loc 1 327 7 is_stmt 1 view .LVU194
 713 0086 03A9     		add	r1, sp, #12
 714 0088 1248     		ldr	r0, .L49+16
 715 008a FFF7FEFF 		bl	HAL_GPIO_Init
ARM GAS  C:\cygwin64\tmp\ccprsydC.s 			page 22


 716              	.LVL21:
 717 008e CBE7     		b	.L41
 718              	.L48:
 339:Src/stm32l4xx_hal_msp.c ****       /**TIM16 GPIO Configuration
 719              		.loc 1 339 7 view .LVU195
 720              	.LBB14:
 339:Src/stm32l4xx_hal_msp.c ****       /**TIM16 GPIO Configuration
 721              		.loc 1 339 7 view .LVU196
 339:Src/stm32l4xx_hal_msp.c ****       /**TIM16 GPIO Configuration
 722              		.loc 1 339 7 view .LVU197
 723 0090 0F4B     		ldr	r3, .L49+12
 724 0092 DA6C     		ldr	r2, [r3, #76]
 725 0094 42F00102 		orr	r2, r2, #1
 726 0098 DA64     		str	r2, [r3, #76]
 339:Src/stm32l4xx_hal_msp.c ****       /**TIM16 GPIO Configuration
 727              		.loc 1 339 7 view .LVU198
 728 009a DB6C     		ldr	r3, [r3, #76]
 729 009c 03F00103 		and	r3, r3, #1
 730 00a0 0293     		str	r3, [sp, #8]
 339:Src/stm32l4xx_hal_msp.c ****       /**TIM16 GPIO Configuration
 731              		.loc 1 339 7 view .LVU199
 732 00a2 029B     		ldr	r3, [sp, #8]
 733              	.LBE14:
 339:Src/stm32l4xx_hal_msp.c ****       /**TIM16 GPIO Configuration
 734              		.loc 1 339 7 view .LVU200
 343:Src/stm32l4xx_hal_msp.c ****       GPIO_InitStruct.Mode = GPIO_MODE_AF_PP;
 735              		.loc 1 343 7 view .LVU201
 343:Src/stm32l4xx_hal_msp.c ****       GPIO_InitStruct.Mode = GPIO_MODE_AF_PP;
 736              		.loc 1 343 27 is_stmt 0 view .LVU202
 737 00a4 4023     		movs	r3, #64
 738 00a6 0393     		str	r3, [sp, #12]
 344:Src/stm32l4xx_hal_msp.c ****       GPIO_InitStruct.Pull = GPIO_NOPULL;
 739              		.loc 1 344 7 is_stmt 1 view .LVU203
 344:Src/stm32l4xx_hal_msp.c ****       GPIO_InitStruct.Pull = GPIO_NOPULL;
 740              		.loc 1 344 28 is_stmt 0 view .LVU204
 741 00a8 0223     		movs	r3, #2
 742 00aa 0493     		str	r3, [sp, #16]
 345:Src/stm32l4xx_hal_msp.c ****       GPIO_InitStruct.Speed = GPIO_SPEED_FREQ_LOW;
 743              		.loc 1 345 7 is_stmt 1 view .LVU205
 345:Src/stm32l4xx_hal_msp.c ****       GPIO_InitStruct.Speed = GPIO_SPEED_FREQ_LOW;
 744              		.loc 1 345 28 is_stmt 0 view .LVU206
 745 00ac 0023     		movs	r3, #0
 746 00ae 0593     		str	r3, [sp, #20]
 346:Src/stm32l4xx_hal_msp.c ****       GPIO_InitStruct.Alternate = GPIO_AF14_TIM16;
 747              		.loc 1 346 7 is_stmt 1 view .LVU207
 346:Src/stm32l4xx_hal_msp.c ****       GPIO_InitStruct.Alternate = GPIO_AF14_TIM16;
 748              		.loc 1 346 29 is_stmt 0 view .LVU208
 749 00b0 0693     		str	r3, [sp, #24]
 347:Src/stm32l4xx_hal_msp.c ****       HAL_GPIO_Init(GPIOA, &GPIO_InitStruct);
 750              		.loc 1 347 7 is_stmt 1 view .LVU209
 347:Src/stm32l4xx_hal_msp.c ****       HAL_GPIO_Init(GPIOA, &GPIO_InitStruct);
 751              		.loc 1 347 33 is_stmt 0 view .LVU210
 752 00b2 0E23     		movs	r3, #14
 753 00b4 0793     		str	r3, [sp, #28]
 348:Src/stm32l4xx_hal_msp.c **** 
 754              		.loc 1 348 7 is_stmt 1 view .LVU211
 755 00b6 03A9     		add	r1, sp, #12
ARM GAS  C:\cygwin64\tmp\ccprsydC.s 			page 23


 756 00b8 4FF09040 		mov	r0, #1207959552
 757 00bc FFF7FEFF 		bl	HAL_GPIO_Init
 758              	.LVL22:
 759              		.loc 1 357 1 is_stmt 0 view .LVU212
 760 00c0 B2E7     		b	.L41
 761              	.L50:
 762 00c2 00BF     		.align	2
 763              	.L49:
 764 00c4 00400140 		.word	1073823744
 765 00c8 00080040 		.word	1073743872
 766 00cc 00440140 		.word	1073824768
 767 00d0 00100240 		.word	1073876992
 768 00d4 000C0048 		.word	1207962624
 769              		.cfi_endproc
 770              	.LFE322:
 772              		.section	.text.HAL_TIM_Base_MspDeInit,"ax",%progbits
 773              		.align	1
 774              		.global	HAL_TIM_Base_MspDeInit
 775              		.syntax unified
 776              		.thumb
 777              		.thumb_func
 778              		.fpu fpv4-sp-d16
 780              	HAL_TIM_Base_MspDeInit:
 781              	.LVL23:
 782              	.LFB323:
 358:Src/stm32l4xx_hal_msp.c **** /**
 359:Src/stm32l4xx_hal_msp.c **** * @brief TIM_Base MSP De-Initialization
 360:Src/stm32l4xx_hal_msp.c **** * This function freeze the hardware resources used in this example
 361:Src/stm32l4xx_hal_msp.c **** * @param htim_base: TIM_Base handle pointer
 362:Src/stm32l4xx_hal_msp.c **** * @retval None
 363:Src/stm32l4xx_hal_msp.c **** */
 364:Src/stm32l4xx_hal_msp.c **** void HAL_TIM_Base_MspDeInit(TIM_HandleTypeDef* htim_base)
 365:Src/stm32l4xx_hal_msp.c **** {
 783              		.loc 1 365 1 is_stmt 1 view -0
 784              		.cfi_startproc
 785              		@ args = 0, pretend = 0, frame = 0
 786              		@ frame_needed = 0, uses_anonymous_args = 0
 787              		@ link register save eliminated.
 366:Src/stm32l4xx_hal_msp.c ****   if(htim_base->Instance==TIM3)
 788              		.loc 1 366 3 view .LVU214
 789              		.loc 1 366 15 is_stmt 0 view .LVU215
 790 0000 0368     		ldr	r3, [r0]
 791              		.loc 1 366 5 view .LVU216
 792 0002 0F4A     		ldr	r2, .L58
 793 0004 9342     		cmp	r3, r2
 794 0006 07D0     		beq	.L55
 367:Src/stm32l4xx_hal_msp.c ****   {
 368:Src/stm32l4xx_hal_msp.c ****   /* USER CODE BEGIN TIM3_MspDeInit 0 */
 369:Src/stm32l4xx_hal_msp.c **** 
 370:Src/stm32l4xx_hal_msp.c ****   /* USER CODE END TIM3_MspDeInit 0 */
 371:Src/stm32l4xx_hal_msp.c ****     /* Peripheral clock disable */
 372:Src/stm32l4xx_hal_msp.c ****     __HAL_RCC_TIM3_CLK_DISABLE();
 373:Src/stm32l4xx_hal_msp.c ****   /* USER CODE BEGIN TIM3_MspDeInit 1 */
 374:Src/stm32l4xx_hal_msp.c **** 
 375:Src/stm32l4xx_hal_msp.c ****   /* USER CODE END TIM3_MspDeInit 1 */
 376:Src/stm32l4xx_hal_msp.c ****   }
 377:Src/stm32l4xx_hal_msp.c ****   else if(htim_base->Instance==TIM15)
ARM GAS  C:\cygwin64\tmp\ccprsydC.s 			page 24


 795              		.loc 1 377 8 is_stmt 1 view .LVU217
 796              		.loc 1 377 10 is_stmt 0 view .LVU218
 797 0008 0E4A     		ldr	r2, .L58+4
 798 000a 9342     		cmp	r3, r2
 799 000c 0BD0     		beq	.L56
 800              	.L53:
 378:Src/stm32l4xx_hal_msp.c ****   {
 379:Src/stm32l4xx_hal_msp.c ****   /* USER CODE BEGIN TIM15_MspDeInit 0 */
 380:Src/stm32l4xx_hal_msp.c **** 
 381:Src/stm32l4xx_hal_msp.c ****   /* USER CODE END TIM15_MspDeInit 0 */
 382:Src/stm32l4xx_hal_msp.c ****     /* Peripheral clock disable */
 383:Src/stm32l4xx_hal_msp.c ****     __HAL_RCC_TIM15_CLK_DISABLE();
 384:Src/stm32l4xx_hal_msp.c ****   /* USER CODE BEGIN TIM15_MspDeInit 1 */
 385:Src/stm32l4xx_hal_msp.c **** 
 386:Src/stm32l4xx_hal_msp.c ****   /* USER CODE END TIM15_MspDeInit 1 */
 387:Src/stm32l4xx_hal_msp.c ****   }
 388:Src/stm32l4xx_hal_msp.c **** 
 389:Src/stm32l4xx_hal_msp.c ****   if(htim_base->Instance==TIM16)
 801              		.loc 1 389 3 is_stmt 1 view .LVU219
 802              		.loc 1 389 15 is_stmt 0 view .LVU220
 803 000e 0268     		ldr	r2, [r0]
 804              		.loc 1 389 5 view .LVU221
 805 0010 0D4B     		ldr	r3, .L58+8
 806 0012 9A42     		cmp	r2, r3
 807 0014 0ED0     		beq	.L57
 808              	.L51:
 390:Src/stm32l4xx_hal_msp.c ****   {
 391:Src/stm32l4xx_hal_msp.c ****   /* USER CODE BEGIN TIM16_MspDeInit 0 */
 392:Src/stm32l4xx_hal_msp.c **** 
 393:Src/stm32l4xx_hal_msp.c ****   /* USER CODE END TIM16_MspDeInit 0 */
 394:Src/stm32l4xx_hal_msp.c ****     /* Peripheral clock disable */
 395:Src/stm32l4xx_hal_msp.c ****     __HAL_RCC_TIM16_CLK_DISABLE();
 396:Src/stm32l4xx_hal_msp.c ****   /* USER CODE BEGIN TIM16_MspDeInit 1 */
 397:Src/stm32l4xx_hal_msp.c **** 
 398:Src/stm32l4xx_hal_msp.c ****   /* USER CODE END TIM16_MspDeInit 1 */
 399:Src/stm32l4xx_hal_msp.c ****   }
 400:Src/stm32l4xx_hal_msp.c **** 
 401:Src/stm32l4xx_hal_msp.c **** }
 809              		.loc 1 401 1 view .LVU222
 810 0016 7047     		bx	lr
 811              	.L55:
 372:Src/stm32l4xx_hal_msp.c ****   /* USER CODE BEGIN TIM3_MspDeInit 1 */
 812              		.loc 1 372 5 is_stmt 1 view .LVU223
 813 0018 02F50332 		add	r2, r2, #134144
 814 001c 936D     		ldr	r3, [r2, #88]
 815 001e 23F00203 		bic	r3, r3, #2
 816 0022 9365     		str	r3, [r2, #88]
 817 0024 F3E7     		b	.L53
 818              	.L56:
 383:Src/stm32l4xx_hal_msp.c ****   /* USER CODE BEGIN TIM15_MspDeInit 1 */
 819              		.loc 1 383 5 view .LVU224
 820 0026 02F55042 		add	r2, r2, #53248
 821 002a 136E     		ldr	r3, [r2, #96]
 822 002c 23F48033 		bic	r3, r3, #65536
 823 0030 1366     		str	r3, [r2, #96]
 824 0032 ECE7     		b	.L53
 825              	.L57:
ARM GAS  C:\cygwin64\tmp\ccprsydC.s 			page 25


 395:Src/stm32l4xx_hal_msp.c ****   /* USER CODE BEGIN TIM16_MspDeInit 1 */
 826              		.loc 1 395 5 view .LVU225
 827 0034 054A     		ldr	r2, .L58+12
 828 0036 136E     		ldr	r3, [r2, #96]
 829 0038 23F40033 		bic	r3, r3, #131072
 830 003c 1366     		str	r3, [r2, #96]
 831              		.loc 1 401 1 is_stmt 0 view .LVU226
 832 003e EAE7     		b	.L51
 833              	.L59:
 834              		.align	2
 835              	.L58:
 836 0040 00040040 		.word	1073742848
 837 0044 00400140 		.word	1073823744
 838 0048 00440140 		.word	1073824768
 839 004c 00100240 		.word	1073876992
 840              		.cfi_endproc
 841              	.LFE323:
 843              		.section	.text.HAL_TIM_PWM_MspInit,"ax",%progbits
 844              		.align	1
 845              		.global	HAL_TIM_PWM_MspInit
 846              		.syntax unified
 847              		.thumb
 848              		.thumb_func
 849              		.fpu fpv4-sp-d16
 851              	HAL_TIM_PWM_MspInit:
 852              	.LVL24:
 853              	.LFB324:
 402:Src/stm32l4xx_hal_msp.c **** 
 403:Src/stm32l4xx_hal_msp.c **** void HAL_TIM_PWM_MspInit(TIM_HandleTypeDef* htim_pwm)
 404:Src/stm32l4xx_hal_msp.c **** {
 854              		.loc 1 404 1 is_stmt 1 view -0
 855              		.cfi_startproc
 856              		@ args = 0, pretend = 0, frame = 8
 857              		@ frame_needed = 0, uses_anonymous_args = 0
 858              		@ link register save eliminated.
 405:Src/stm32l4xx_hal_msp.c ****   if(htim_pwm->Instance==TIM4)
 859              		.loc 1 405 3 view .LVU228
 860              		.loc 1 405 14 is_stmt 0 view .LVU229
 861 0000 0268     		ldr	r2, [r0]
 862              		.loc 1 405 5 view .LVU230
 863 0002 094B     		ldr	r3, .L67
 864 0004 9A42     		cmp	r2, r3
 865 0006 00D0     		beq	.L66
 866 0008 7047     		bx	lr
 867              	.L66:
 404:Src/stm32l4xx_hal_msp.c ****   if(htim_pwm->Instance==TIM4)
 868              		.loc 1 404 1 view .LVU231
 869 000a 82B0     		sub	sp, sp, #8
 870              	.LCFI15:
 871              		.cfi_def_cfa_offset 8
 406:Src/stm32l4xx_hal_msp.c ****   {
 407:Src/stm32l4xx_hal_msp.c ****   /* USER CODE BEGIN TIM4_MspInit 0 */
 408:Src/stm32l4xx_hal_msp.c **** 
 409:Src/stm32l4xx_hal_msp.c ****   /* USER CODE END TIM4_MspInit 0 */
 410:Src/stm32l4xx_hal_msp.c ****     /* Peripheral clock enable */
 411:Src/stm32l4xx_hal_msp.c ****     __HAL_RCC_TIM4_CLK_ENABLE();
 872              		.loc 1 411 5 is_stmt 1 view .LVU232
ARM GAS  C:\cygwin64\tmp\ccprsydC.s 			page 26


 873              	.LBB15:
 874              		.loc 1 411 5 view .LVU233
 875              		.loc 1 411 5 view .LVU234
 876 000c 03F50233 		add	r3, r3, #133120
 877 0010 9A6D     		ldr	r2, [r3, #88]
 878 0012 42F00402 		orr	r2, r2, #4
 879 0016 9A65     		str	r2, [r3, #88]
 880              		.loc 1 411 5 view .LVU235
 881 0018 9B6D     		ldr	r3, [r3, #88]
 882 001a 03F00403 		and	r3, r3, #4
 883 001e 0193     		str	r3, [sp, #4]
 884              		.loc 1 411 5 view .LVU236
 885 0020 019B     		ldr	r3, [sp, #4]
 886              	.LBE15:
 887              		.loc 1 411 5 view .LVU237
 412:Src/stm32l4xx_hal_msp.c ****   /* USER CODE BEGIN TIM4_MspInit 1 */
 413:Src/stm32l4xx_hal_msp.c **** 
 414:Src/stm32l4xx_hal_msp.c ****   /* USER CODE END TIM4_MspInit 1 */
 415:Src/stm32l4xx_hal_msp.c ****   }
 416:Src/stm32l4xx_hal_msp.c **** 
 417:Src/stm32l4xx_hal_msp.c **** }
 888              		.loc 1 417 1 is_stmt 0 view .LVU238
 889 0022 02B0     		add	sp, sp, #8
 890              	.LCFI16:
 891              		.cfi_def_cfa_offset 0
 892              		@ sp needed
 893 0024 7047     		bx	lr
 894              	.L68:
 895 0026 00BF     		.align	2
 896              	.L67:
 897 0028 00080040 		.word	1073743872
 898              		.cfi_endproc
 899              	.LFE324:
 901              		.section	.text.Periph_Config,"ax",%progbits
 902              		.align	1
 903              		.global	Periph_Config
 904              		.syntax unified
 905              		.thumb
 906              		.thumb_func
 907              		.fpu fpv4-sp-d16
 909              	Periph_Config:
 910              	.LFB325:
 418:Src/stm32l4xx_hal_msp.c **** 
 419:Src/stm32l4xx_hal_msp.c **** void Periph_Config(void)
 420:Src/stm32l4xx_hal_msp.c **** {
 911              		.loc 1 420 1 is_stmt 1 view -0
 912              		.cfi_startproc
 913              		@ args = 0, pretend = 0, frame = 144
 914              		@ frame_needed = 0, uses_anonymous_args = 0
 915 0000 00B5     		push	{lr}
 916              	.LCFI17:
 917              		.cfi_def_cfa_offset 4
 918              		.cfi_offset 14, -4
 919 0002 A5B0     		sub	sp, sp, #148
 920              	.LCFI18:
 921              		.cfi_def_cfa_offset 152
 421:Src/stm32l4xx_hal_msp.c ****  RCC_PeriphCLKInitTypeDef PeriphClkInit;
ARM GAS  C:\cygwin64\tmp\ccprsydC.s 			page 27


 922              		.loc 1 421 2 view .LVU240
 422:Src/stm32l4xx_hal_msp.c ****  PeriphClkInit.PeriphClockSelection  = RCC_PERIPHCLK_USART1;
 923              		.loc 1 422 2 view .LVU241
 924              		.loc 1 422 38 is_stmt 0 view .LVU242
 925 0004 0123     		movs	r3, #1
 926 0006 0293     		str	r3, [sp, #8]
 423:Src/stm32l4xx_hal_msp.c ****  PeriphClkInit.Usart1ClockSelection  = RCC_USART1CLKSOURCE_PCLK2;
 927              		.loc 1 423 2 is_stmt 1 view .LVU243
 928              		.loc 1 423 38 is_stmt 0 view .LVU244
 929 0008 0023     		movs	r3, #0
 930 000a 1093     		str	r3, [sp, #64]
 424:Src/stm32l4xx_hal_msp.c **** 
 425:Src/stm32l4xx_hal_msp.c ****  if (HAL_RCCEx_PeriphCLKConfig(&PeriphClkInit) != HAL_OK)
 931              		.loc 1 425 2 is_stmt 1 view .LVU245
 932              		.loc 1 425 6 is_stmt 0 view .LVU246
 933 000c 02A8     		add	r0, sp, #8
 934 000e FFF7FEFF 		bl	HAL_RCCEx_PeriphCLKConfig
 935              	.LVL25:
 936              		.loc 1 425 5 view .LVU247
 937 0012 60B9     		cbnz	r0, .L72
 938              	.L70:
 426:Src/stm32l4xx_hal_msp.c ****  {
 427:Src/stm32l4xx_hal_msp.c ****    Error_Handler();
 428:Src/stm32l4xx_hal_msp.c ****  }
 429:Src/stm32l4xx_hal_msp.c **** 
 430:Src/stm32l4xx_hal_msp.c ****   __HAL_RCC_PWR_CLK_ENABLE();
 939              		.loc 1 430 3 is_stmt 1 view .LVU248
 940              	.LBB16:
 941              		.loc 1 430 3 view .LVU249
 942              		.loc 1 430 3 view .LVU250
 943 0014 074B     		ldr	r3, .L73
 944 0016 9A6D     		ldr	r2, [r3, #88]
 945 0018 42F08052 		orr	r2, r2, #268435456
 946 001c 9A65     		str	r2, [r3, #88]
 947              		.loc 1 430 3 view .LVU251
 948 001e 9B6D     		ldr	r3, [r3, #88]
 949 0020 03F08053 		and	r3, r3, #268435456
 950 0024 0193     		str	r3, [sp, #4]
 951              		.loc 1 430 3 view .LVU252
 952 0026 019B     		ldr	r3, [sp, #4]
 953              	.LBE16:
 954              		.loc 1 430 3 view .LVU253
 431:Src/stm32l4xx_hal_msp.c **** 
 432:Src/stm32l4xx_hal_msp.c **** }
 955              		.loc 1 432 1 is_stmt 0 view .LVU254
 956 0028 25B0     		add	sp, sp, #148
 957              	.LCFI19:
 958              		.cfi_remember_state
 959              		.cfi_def_cfa_offset 4
 960              		@ sp needed
 961 002a 5DF804FB 		ldr	pc, [sp], #4
 962              	.L72:
 963              	.LCFI20:
 964              		.cfi_restore_state
 427:Src/stm32l4xx_hal_msp.c ****  }
 965              		.loc 1 427 4 is_stmt 1 view .LVU255
 966 002e FFF7FEFF 		bl	Error_Handler
ARM GAS  C:\cygwin64\tmp\ccprsydC.s 			page 28


 967              	.LVL26:
 968 0032 EFE7     		b	.L70
 969              	.L74:
 970              		.align	2
 971              	.L73:
 972 0034 00100240 		.word	1073876992
 973              		.cfi_endproc
 974              	.LFE325:
 976              		.section	.bss.HAL_RCC_ADC_CLK_ENABLED,"aw",%nobits
 977              		.align	2
 978              		.set	.LANCHOR0,. + 0
 981              	HAL_RCC_ADC_CLK_ENABLED:
 982 0000 00000000 		.space	4
 983              		.text
 984              	.Letext0:
 985              		.file 2 "c:\\program files (x86)\\gnu arm embedded toolchain\\9 2020-q2-update\\arm-none-eabi\\inc
 986              		.file 3 "c:\\program files (x86)\\gnu arm embedded toolchain\\9 2020-q2-update\\arm-none-eabi\\inc
 987              		.file 4 "Drivers/CMSIS/Include/core_cm4.h"
 988              		.file 5 "Drivers/CMSIS/Device/ST/STM32L4xx/Include/system_stm32l4xx.h"
 989              		.file 6 "Drivers/CMSIS/Device/ST/STM32L4xx/Include/stm32l475xx.h"
 990              		.file 7 "Drivers/CMSIS/Device/ST/STM32L4xx/Include/stm32l4xx.h"
 991              		.file 8 "Drivers/STM32L4xx_HAL_Driver/Inc/stm32l4xx_hal_def.h"
 992              		.file 9 "Drivers/STM32L4xx_HAL_Driver/Inc/stm32l4xx_hal_rcc_ex.h"
 993              		.file 10 "Drivers/STM32L4xx_HAL_Driver/Inc/stm32l4xx_hal_gpio.h"
 994              		.file 11 "Drivers/STM32L4xx_HAL_Driver/Inc/stm32l4xx_hal_dma.h"
 995              		.file 12 "Drivers/STM32L4xx_HAL_Driver/Inc/stm32l4xx_hal_adc.h"
 996              		.file 13 "Drivers/STM32L4xx_HAL_Driver/Inc/stm32l4xx_hal_flash.h"
 997              		.file 14 "Drivers/STM32L4xx_HAL_Driver/Inc/stm32l4xx_hal_spi.h"
 998              		.file 15 "Drivers/STM32L4xx_HAL_Driver/Inc/stm32l4xx_hal_tim.h"
 999              		.file 16 "Drivers/STM32L4xx_HAL_Driver/Inc/stm32l4xx_hal.h"
 1000              		.file 17 "c:\\program files (x86)\\gnu arm embedded toolchain\\9 2020-q2-update\\lib\\gcc\\arm-non
 1001              		.file 18 "c:\\program files (x86)\\gnu arm embedded toolchain\\9 2020-q2-update\\arm-none-eabi\\in
 1002              		.file 19 "c:\\program files (x86)\\gnu arm embedded toolchain\\9 2020-q2-update\\arm-none-eabi\\in
 1003              		.file 20 "c:\\program files (x86)\\gnu arm embedded toolchain\\9 2020-q2-update\\arm-none-eabi\\in
 1004              		.file 21 "c:\\program files (x86)\\gnu arm embedded toolchain\\9 2020-q2-update\\arm-none-eabi\\in
 1005              		.file 22 "Drivers/STM32CubeL4_libs/Inc/net.h"
 1006              		.file 23 "Drivers/STM32CubeL4_libs/Inc/iot_flash_config.h"
 1007              		.file 24 "Inc/main.h"
 1008              		.file 25 "Drivers/STM32L4xx_HAL_Driver/Inc/stm32l4xx_hal_cortex.h"
ARM GAS  C:\cygwin64\tmp\ccprsydC.s 			page 29


DEFINED SYMBOLS
                            *ABS*:00000000 stm32l4xx_hal_msp.c
C:\cygwin64\tmp\ccprsydC.s:18     .text.HAL_MspInit:00000000 $t
C:\cygwin64\tmp\ccprsydC.s:26     .text.HAL_MspInit:00000000 HAL_MspInit
C:\cygwin64\tmp\ccprsydC.s:71     .text.HAL_MspInit:0000002c $d
C:\cygwin64\tmp\ccprsydC.s:76     .text.HAL_ADC_MspInit:00000000 $t
C:\cygwin64\tmp\ccprsydC.s:83     .text.HAL_ADC_MspInit:00000000 HAL_ADC_MspInit
C:\cygwin64\tmp\ccprsydC.s:324    .text.HAL_ADC_MspInit:00000108 $d
C:\cygwin64\tmp\ccprsydC.s:335    .text.HAL_ADC_MspDeInit:00000000 $t
C:\cygwin64\tmp\ccprsydC.s:342    .text.HAL_ADC_MspDeInit:00000000 HAL_ADC_MspDeInit
C:\cygwin64\tmp\ccprsydC.s:443    .text.HAL_ADC_MspDeInit:0000006c $d
C:\cygwin64\tmp\ccprsydC.s:453    .text.HAL_TIM_Base_MspInit:00000000 $t
C:\cygwin64\tmp\ccprsydC.s:460    .text.HAL_TIM_Base_MspInit:00000000 HAL_TIM_Base_MspInit
C:\cygwin64\tmp\ccprsydC.s:561    .text.HAL_TIM_Base_MspInit:00000060 $d
C:\cygwin64\tmp\ccprsydC.s:569    .text.HAL_TIM_MspPostInit:00000000 $t
C:\cygwin64\tmp\ccprsydC.s:576    .text.HAL_TIM_MspPostInit:00000000 HAL_TIM_MspPostInit
C:\cygwin64\tmp\ccprsydC.s:764    .text.HAL_TIM_MspPostInit:000000c4 $d
C:\cygwin64\tmp\ccprsydC.s:773    .text.HAL_TIM_Base_MspDeInit:00000000 $t
C:\cygwin64\tmp\ccprsydC.s:780    .text.HAL_TIM_Base_MspDeInit:00000000 HAL_TIM_Base_MspDeInit
C:\cygwin64\tmp\ccprsydC.s:836    .text.HAL_TIM_Base_MspDeInit:00000040 $d
C:\cygwin64\tmp\ccprsydC.s:844    .text.HAL_TIM_PWM_MspInit:00000000 $t
C:\cygwin64\tmp\ccprsydC.s:851    .text.HAL_TIM_PWM_MspInit:00000000 HAL_TIM_PWM_MspInit
C:\cygwin64\tmp\ccprsydC.s:897    .text.HAL_TIM_PWM_MspInit:00000028 $d
C:\cygwin64\tmp\ccprsydC.s:902    .text.Periph_Config:00000000 $t
C:\cygwin64\tmp\ccprsydC.s:909    .text.Periph_Config:00000000 Periph_Config
C:\cygwin64\tmp\ccprsydC.s:972    .text.Periph_Config:00000034 $d
C:\cygwin64\tmp\ccprsydC.s:977    .bss.HAL_RCC_ADC_CLK_ENABLED:00000000 $d
C:\cygwin64\tmp\ccprsydC.s:981    .bss.HAL_RCC_ADC_CLK_ENABLED:00000000 HAL_RCC_ADC_CLK_ENABLED

UNDEFINED SYMBOLS
HAL_NVIC_SetPriority
HAL_GPIO_Init
HAL_GPIO_DeInit
HAL_RCCEx_PeriphCLKConfig
Error_Handler
